[0618/111850:ERROR:process_info.cc(608)] range at 0xff12c000, size 0x230 fully unreadable
[0618/111850:ERROR:process_info.cc(608)] range at 0xff12f000, size 0xf84 fully unreadable
[0618/111850:ERROR:process_info.cc(608)] range at 0xfef58000, size 0x230 fully unreadable
[0618/111850:ERROR:process_info.cc(608)] range at 0xfef5f000, size 0xf84 fully unreadable
[0619/094433:ERROR:process_info.cc(608)] range at 0xfe8ac000, size 0x230 fully unreadable
[0619/094433:ERROR:process_info.cc(608)] range at 0xfe8af000, size 0xf84 fully unreadable
[0619/094433:ERROR:process_info.cc(608)] range at 0xff34f000, size 0x230 fully unreadable
[0619/094433:ERROR:process_info.cc(608)] range at 0xff34e000, size 0xf84 fully unreadable
[0619/094646:ERROR:process_info.cc(608)] range at 0xfeb8d000, size 0x230 fully unreadable
[0619/094646:ERROR:process_info.cc(608)] range at 0xff4af000, size 0x230 fully unreadable
[0619/094646:ERROR:process_info.cc(608)] range at 0xff4ae000, size 0xf84 fully unreadable
[0619/094646:ERROR:process_info.cc(608)] range at 0xfeb8a000, size 0xf84 fully unreadable
[0619/095255:ERROR:process_info.cc(608)] range at 0xff33e000, size 0x230 fully unreadable
[0619/095255:ERROR:process_info.cc(608)] range at 0xff33d000, size 0xf84 fully unreadable
[0619/095255:ERROR:process_info.cc(608)] range at 0xfeacf000, size 0x230 fully unreadable
[0619/095255:ERROR:process_info.cc(608)] range at 0xfeace000, size 0xf84 fully unreadable
[0619/151410:ERROR:process_info.cc(608)] range at 0xfeb7f000, size 0x230 fully unreadable
[0619/151410:ERROR:process_info.cc(608)] range at 0xff19f000, size 0x230 fully unreadable
[0619/151410:ERROR:process_reader_win.cc(233)] ReadMemory at 0xfeb7f000 of 560 bytes failed: 仅完成部分的 ReadProcessMemory 或 WriteProcessMemory 请求。 (0x12B)
[0619/151410:ERROR:process_snapshot_win.cc(359)] ReadMemory PEB
[0619/151410:ERROR:process_reader_win.cc(233)] ReadMemory at 0xff19f000 of 560 bytes failed: 仅完成部分的 ReadProcessMemory 或 WriteProcessMemory 请求。 (0x12B)
[0619/151410:ERROR:process_snapshot_win.cc(359)] ReadMemory PEB
[0619/151410:ERROR:process_reader_win.cc(233)] ReadMemory at 0x70000 of 64 bytes failed: 仅完成部分的 ReadProcessMemory 或 WriteProcessMemory 请求。 (0x12B)
[0619/151410:WARNING:pe_image_reader.cc(281)] could not read dos header from C:\Program Files (x86)\Google\Chrome\Application\chrome.exe
[0619/151410:ERROR:process_reader_win.cc(233)] ReadMemory at 0x70000 of 64 bytes failed: 仅完成部分的 ReadProcessMemory 或 WriteProcessMemory 请求。 (0x12B)
[0619/151410:ERROR:process_reader_win.cc(233)] ReadMemory at 0x774a0000 of 64 bytes failed: 仅完成部分的 ReadProcessMemory 或 WriteProcessMemory 请求。 (0x12B)
[0619/151410:WARNING:pe_image_reader.cc(281)] could not read dos header from C:\Program Files (x86)\Google\Chrome\Application\chrome.exe
[0619/151410:WARNING:pe_image_reader.cc(281)] could not read dos header from C:\windows\SYSTEM32\ntdll.dll
[0619/151410:ERROR:process_reader_win.cc(233)] ReadMemory at 0x771d0000 of 64 bytes failed: 仅完成部分的 ReadProcessMemory 或 WriteProcessMemory 请求。 (0x12B)
[0619/151410:ERROR:process_reader_win.cc(233)] ReadMemory at 0x774a0000 of 64 bytes failed: 仅完成部分的 ReadProcessMemory 或 WriteProcessMemory 请求。 (0x12B)
[0619/151410:WARNING:pe_image_reader.cc(281)] could not read dos header from C:\windows\SYSTEM32\KERNELBASE.dll
[0619/151410:WARNING:pe_image_reader.cc(281)] could not read dos header from C:\windows\SYSTEM32\ntdll.dll
[0619/151410:ERROR:process_reader_win.cc(233)] ReadMemory at 0x76a20000 of 64 bytes failed: 仅完成部分的 ReadProcessMemory 或 WriteProcessMemory 请求。 (0x12B)
[0619/151410:WARNING:pe_image_reader.cc(281)] could not read dos header from C:\windows\SYSTEM32\KERNEL32.DLL
[0619/151410:ERROR:process_reader_win.cc(233)] ReadMemory at 0x771d0000 of 64 bytes failed: 仅完成部分的 ReadProcessMemory 或 WriteProcessMemory 请求。 (0x12B)
[0619/151410:ERROR:process_reader_win.cc(233)] ReadMemory at 0x76b50000 of 64 bytes failed: 仅完成部分的 ReadProcessMemory 或 WriteProcessMemory 请求。 (0x12B)
[0619/151410:WARNING:pe_image_reader.cc(281)] could not read dos header from C:\windows\SYSTEM32\KERNELBASE.dll
[0619/151410:WARNING:pe_image_reader.cc(281)] could not read dos header from C:\windows\SYSTEM32\msvcrt.dll
[0619/151410:ERROR:process_reader_win.cc(233)] ReadMemory at 0x76a20000 of 64 bytes failed: 仅完成部分的 ReadProcessMemory 或 WriteProcessMemory 请求。 (0x12B)
[0619/151410:ERROR:process_reader_win.cc(233)] ReadMemory at 0x74a60000 of 64 bytes failed: 仅完成部分的 ReadProcessMemory 或 WriteProcessMemory 请求。 (0x12B)
[0619/151410:WARNING:pe_image_reader.cc(281)] could not read dos header from C:\windows\SYSTEM32\KERNEL32.DLL
[0619/151410:WARNING:pe_image_reader.cc(281)] could not read dos header from C:\windows\SYSTEM32\bcryptPrimitives.dll
[0619/151410:ERROR:process_reader_win.cc(233)] ReadMemory at 0x74ac0000 of 64 bytes failed: 仅完成部分的 ReadProcessMemory 或 WriteProcessMemory 请求。 (0x12B)
[0619/151410:ERROR:process_reader_win.cc(233)] ReadMemory at 0x76b50000 of 64 bytes failed: 仅完成部分的 ReadProcessMemory 或 WriteProcessMemory 请求。 (0x12B)
[0619/151410:WARNING:pe_image_reader.cc(281)] could not read dos header from C:\windows\SYSTEM32\CRYPTBASE.dll
[0619/151410:WARNING:pe_image_reader.cc(281)] could not read dos header from C:\windows\SYSTEM32\msvcrt.dll
[0619/151410:ERROR:process_reader_win.cc(233)] ReadMemory at 0x74ad0000 of 64 bytes failed: 仅完成部分的 ReadProcessMemory 或 WriteProcessMemory 请求。 (0x12B)
[0619/151410:WARNING:pe_image_reader.cc(281)] could not read dos header from C:\windows\SYSTEM32\SspiCli.dll
[0619/151410:ERROR:process_reader_win.cc(233)] ReadMemory at 0x74a60000 of 64 bytes failed: 仅完成部分的 ReadProcessMemory 或 WriteProcessMemory 请求。 (0x12B)
[0619/151410:ERROR:process_reader_win.cc(233)] ReadMemory at 0x74fc0000 of 64 bytes failed: 仅完成部分的 ReadProcessMemory 或 WriteProcessMemory 请求。 (0x12B)
[0619/151410:WARNING:pe_image_reader.cc(281)] could not read dos header from C:\windows\SYSTEM32\bcryptPrimitives.dll
[0619/151410:WARNING:pe_image_reader.cc(281)] could not read dos header from C:\windows\SYSTEM32\RPCRT4.dll
[0619/151410:ERROR:process_reader_win.cc(233)] ReadMemory at 0x74ac0000 of 64 bytes failed: 仅完成部分的 ReadProcessMemory 或 WriteProcessMemory 请求。 (0x12B)
[0619/151410:WARNING:pe_image_reader.cc(281)] could not read dos header from C:\windows\SYSTEM32\CRYPTBASE.dll
[0619/151410:ERROR:process_reader_win.cc(233)] ReadMemory at 0x77120000 of 64 bytes failed: 仅完成部分的 ReadProcessMemory 或 WriteProcessMemory 请求。 (0x12B)
[0619/151410:WARNING:pe_image_reader.cc(281)] could not read dos header from C:\windows\SYSTEM32\sechost.dll
[0619/151410:ERROR:process_reader_win.cc(233)] ReadMemory at 0x74ad0000 of 64 bytes failed: 仅完成部分的 ReadProcessMemory 或 WriteProcessMemory 请求。 (0x12B)
[0619/151410:WARNING:pe_image_reader.cc(281)] could not read dos header from C:\windows\SYSTEM32\SspiCli.dll
[0619/151410:ERROR:process_reader_win.cc(233)] ReadMemory at 0x76f20000 of 64 bytes failed: 仅完成部分的 ReadProcessMemory 或 WriteProcessMemory 请求。 (0x12B)
[0619/151410:WARNING:pe_image_reader.cc(281)] could not read dos header from C:\windows\SYSTEM32\ADVAPI32.DLL
[0619/151410:ERROR:process_reader_win.cc(233)] ReadMemory at 0x74fc0000 of 64 bytes failed: 仅完成部分的 ReadProcessMemory 或 WriteProcessMemory 请求。 (0x12B)
[0619/151410:WARNING:pe_image_reader.cc(281)] could not read dos header from C:\windows\SYSTEM32\RPCRT4.dll
[0619/151410:ERROR:process_reader_win.cc(233)] ReadMemory at 0x5be70000 of 64 bytes failed: 仅完成部分的 ReadProcessMemory 或 WriteProcessMemory 请求。 (0x12B)
[0619/151410:WARNING:pe_image_reader.cc(281)] could not read dos header from C:\Program Files (x86)\Google\Chrome\Application\52.0.2743.116\chrome_elf.dll
[0619/151410:ERROR:process_reader_win.cc(233)] ReadMemory at 0x77120000 of 64 bytes failed: 仅完成部分的 ReadProcessMemory 或 WriteProcessMemory 请求。 (0x12B)
[0619/151410:WARNING:pe_image_reader.cc(281)] could not read dos header from C:\windows\SYSTEM32\sechost.dll
[0619/151410:ERROR:process_reader_win.cc(233)] ReadMemory at 0x74a50000 of 64 bytes failed: 仅完成部分的 ReadProcessMemory 或 WriteProcessMemory 请求。 (0x12B)
[0619/151410:ERROR:process_reader_win.cc(233)] ReadMemory at 0x76f20000 of 64 bytes failed: 仅完成部分的 ReadProcessMemory 或 WriteProcessMemory 请求。 (0x12B)
[0619/151410:WARNING:pe_image_reader.cc(281)] could not read dos header from C:\windows\SYSTEM32\VERSION.dll
[0619/151410:WARNING:pe_image_reader.cc(281)] could not read dos header from C:\windows\SYSTEM32\ADVAPI32.DLL
[0619/151410:ERROR:process_reader_win.cc(233)] ReadMemory at 0x74bd0000 of 64 bytes failed: 仅完成部分的 ReadProcessMemory 或 WriteProcessMemory 请求。 (0x12B)
[0619/151410:ERROR:process_reader_win.cc(233)] ReadMemory at 0x5be70000 of 64 bytes failed: 仅完成部分的 ReadProcessMemory 或 WriteProcessMemory 请求。 (0x12B)
[0619/151410:WARNING:pe_image_reader.cc(281)] could not read dos header from C:\windows\SYSTEM32\GDI32.dll
[0619/151410:WARNING:pe_image_reader.cc(281)] could not read dos header from C:\Program Files (x86)\Google\Chrome\Application\52.0.2743.116\chrome_elf.dll
[0619/151410:ERROR:process_reader_win.cc(233)] ReadMemory at 0x768f0000 of 64 bytes failed: 仅完成部分的 ReadProcessMemory 或 WriteProcessMemory 请求。 (0x12B)
[0619/151410:ERROR:process_reader_win.cc(233)] ReadMemory at 0x74a50000 of 64 bytes failed: 仅完成部分的 ReadProcessMemory 或 WriteProcessMemory 请求。 (0x12B)
[0619/151410:WARNING:pe_image_reader.cc(281)] could not read dos header from C:\windows\SYSTEM32\USER32.dll
[0619/151410:WARNING:pe_image_reader.cc(281)] could not read dos header from C:\windows\SYSTEM32\VERSION.dll
[0619/151410:ERROR:process_reader_win.cc(233)] ReadMemory at 0x74af0000 of 64 bytes failed: 仅完成部分的 ReadProcessMemory 或 WriteProcessMemory 请求。 (0x12B)
[0619/151410:WARNING:pe_image_reader.cc(281)] could not read dos header from C:\windows\SYSTEM32\MSCTF.dll
[0619/151410:ERROR:process_reader_win.cc(233)] ReadMemory at 0x74bd0000 of 64 bytes failed: 仅完成部分的 ReadProcessMemory 或 WriteProcessMemory 请求。 (0x12B)
[0619/151410:WARNING:pe_image_reader.cc(281)] could not read dos header from C:\windows\SYSTEM32\GDI32.dll
[0619/151410:ERROR:process_reader_win.cc(233)] ReadMemory at 0x768d0000 of 64 bytes failed: 仅完成部分的 ReadProcessMemory 或 WriteProcessMemory 请求。 (0x12B)
[0619/151410:WARNING:pe_image_reader.cc(281)] could not read dos header from C:\windows\system32\IMM32.DLL
[0619/151410:ERROR:process_reader_win.cc(233)] ReadMemory at 0x768f0000 of 64 bytes failed: 仅完成部分的 ReadProcessMemory 或 WriteProcessMemory 请求。 (0x12B)
[0619/151410:ERROR:process_reader_win.cc(233)] ReadMemory at 0x770c0000 of 64 bytes failed: 仅完成部分的 ReadProcessMemory 或 WriteProcessMemory 请求。 (0x12B)
[0619/151410:WARNING:pe_image_reader.cc(281)] could not read dos header from C:\windows\SYSTEM32\USER32.dll
[0619/151410:WARNING:pe_image_reader.cc(281)] could not read dos header from C:\windows\SYSTEM32\cfgmgr32.dll
[0619/151410:ERROR:process_reader_win.cc(233)] ReadMemory at 0x77280000 of 64 bytes failed: 仅完成部分的 ReadProcessMemory 或 WriteProcessMemory 请求。 (0x12B)
[0619/151410:ERROR:process_reader_win.cc(233)] ReadMemory at 0x74af0000 of 64 bytes failed: 仅完成部分的 ReadProcessMemory 或 WriteProcessMemory 请求。 (0x12B)
[0619/151410:WARNING:pe_image_reader.cc(281)] could not read dos header from C:\windows\SYSTEM32\DEVOBJ.dll
[0619/151410:WARNING:pe_image_reader.cc(281)] could not read dos header from C:\windows\SYSTEM32\MSCTF.dll
[0619/151410:ERROR:process_reader_win.cc(233)] ReadMemory at 0x74450000 of 64 bytes failed: 仅完成部分的 ReadProcessMemory 或 WriteProcessMemory 请求。 (0x12B)
[0619/151410:WARNING:pe_image_reader.cc(281)] could not read dos header from C:\windows\SYSTEM32\WINMMBASE.dll
[0619/151410:ERROR:process_reader_win.cc(233)] ReadMemory at 0x768d0000 of 64 bytes failed: 仅完成部分的 ReadProcessMemory 或 WriteProcessMemory 请求。 (0x12B)
[0619/151410:WARNING:pe_image_reader.cc(281)] could not read dos header from C:\windows\system32\IMM32.DLL
[0619/151410:ERROR:process_reader_win.cc(233)] ReadMemory at 0x74480000 of 64 bytes failed: 仅完成部分的 ReadProcessMemory 或 WriteProcessMemory 请求。 (0x12B)
[0619/151410:WARNING:pe_image_reader.cc(281)] could not read dos header from C:\windows\SYSTEM32\WINMM.dll
[0619/151410:ERROR:process_reader_win.cc(233)] ReadMemory at 0x770c0000 of 64 bytes failed: 仅完成部分的 ReadProcessMemory 或 WriteProcessMemory 请求。 (0x12B)
[0619/151410:ERROR:process_reader_win.cc(233)] ReadMemory at 0x74a00000 of 64 bytes failed: 仅完成部分的 ReadProcessMemory 或 WriteProcessMemory 请求。 (0x12B)
[0619/151410:WARNING:pe_image_reader.cc(281)] could not read dos header from C:\windows\SYSTEM32\cfgmgr32.dll
[0619/151410:WARNING:pe_image_reader.cc(281)] could not read dos header from C:\windows\SYSTEM32\profapi.dll
[0619/151410:ERROR:process_reader_win.cc(233)] ReadMemory at 0x74a20000 of 64 bytes failed: 仅完成部分的 ReadProcessMemory 或 WriteProcessMemory 请求。 (0x12B)
[0619/151410:ERROR:process_reader_win.cc(233)] ReadMemory at 0x77280000 of 64 bytes failed: 仅完成部分的 ReadProcessMemory 或 WriteProcessMemory 请求。 (0x12B)
[0619/151410:WARNING:pe_image_reader.cc(281)] could not read dos header from C:\windows\SYSTEM32\USERENV.dll
[0619/151410:WARNING:pe_image_reader.cc(281)] could not read dos header from C:\windows\SYSTEM32\DEVOBJ.dll
[0619/151410:ERROR:process_reader_win.cc(233)] ReadMemory at 0x74a40000 of 64 bytes failed: 仅完成部分的 ReadProcessMemory 或 WriteProcessMemory 请求。 (0x12B)
[0619/151410:WARNING:pe_image_reader.cc(281)] could not read dos header from C:\windows\SYSTEM32\WTSAPI32.dll
[0619/151410:ERROR:process_reader_win.cc(233)] ReadMemory at 0x74450000 of 64 bytes failed: 仅完成部分的 ReadProcessMemory 或 WriteProcessMemory 请求。 (0x12B)
[0619/151410:ERROR:process_reader_win.cc(233)] ReadMemory at 0x74cd0000 of 64 bytes failed: 仅完成部分的 ReadProcessMemory 或 WriteProcessMemory 请求。 (0x12B)
[0619/151410:WARNING:pe_image_reader.cc(281)] could not read dos header from C:\windows\SYSTEM32\WINMMBASE.dll
[0619/151410:WARNING:pe_image_reader.cc(281)] could not read dos header from C:\windows\SYSTEM32\combase.dll
[0619/151410:ERROR:process_reader_win.cc(233)] ReadMemory at 0x72070000 of 64 bytes failed: 仅完成部分的 ReadProcessMemory 或 WriteProcessMemory 请求。 (0x12B)
[0619/151410:ERROR:process_reader_win.cc(233)] ReadMemory at 0x74480000 of 64 bytes failed: 仅完成部分的 ReadProcessMemory 或 WriteProcessMemory 请求。 (0x12B)
[0619/151410:WARNING:pe_image_reader.cc(281)] could not read dos header from C:\windows\SYSTEM32\WINHTTP.dll
[0619/151410:WARNING:pe_image_reader.cc(281)] could not read dos header from C:\windows\SYSTEM32\WINMM.dll
[0619/151410:ERROR:process_reader_win.cc(233)] ReadMemory at 0x72960000 of 64 bytes failed: 仅完成部分的 ReadProcessMemory 或 WriteProcessMemory 请求。 (0x12B)
[0619/151410:WARNING:pe_image_reader.cc(281)] could not read dos header from F:\杩蜂杞\360Safe\safemon\safewrapper32.dll
[0619/151410:ERROR:process_reader_win.cc(233)] ReadMemory at 0x74a00000 of 64 bytes failed: 仅完成部分的 ReadProcessMemory 或 WriteProcessMemory 请求。 (0x12B)
[0619/151410:WARNING:pe_image_reader.cc(281)] could not read dos header from C:\windows\SYSTEM32\profapi.dll
[0619/151410:ERROR:process_reader_win.cc(233)] ReadMemory at 0x76610000 of 64 bytes failed: 仅完成部分的 ReadProcessMemory 或 WriteProcessMemory 请求。 (0x12B)
[0619/151410:WARNING:pe_image_reader.cc(281)] could not read dos header from C:\windows\SYSTEM32\SHLWAPI.dll
[0619/151410:ERROR:process_reader_win.cc(233)] ReadMemory at 0x74a20000 of 64 bytes failed: 仅完成部分的 ReadProcessMemory 或 WriteProcessMemory 请求。 (0x12B)
[0619/151410:WARNING:pe_image_reader.cc(281)] could not read dos header from C:\windows\SYSTEM32\USERENV.dll
[0619/151410:ERROR:process_reader_win.cc(233)] ReadMemory at 0x75230000 of 64 bytes failed: 仅完成部分的 ReadProcessMemory 或 WriteProcessMemory 请求。 (0x12B)
[0619/151410:WARNING:pe_image_reader.cc(281)] could not read dos header from C:\windows\SYSTEM32\SHELL32.dll
[0619/151410:ERROR:process_reader_win.cc(233)] ReadMemory at 0x74a40000 of 64 bytes failed: 仅完成部分的 ReadProcessMemory 或 WriteProcessMemory 请求。 (0x12B)
[0619/151410:ERROR:process_reader_win.cc(233)] ReadMemory at 0x76da0000 of 64 bytes failed: 仅完成部分的 ReadProcessMemory 或 WriteProcessMemory 请求。 (0x12B)
[0619/151410:WARNING:pe_image_reader.cc(281)] could not read dos header from C:\windows\SYSTEM32\WTSAPI32.dll
[0619/151410:WARNING:pe_image_reader.cc(281)] could not read dos header from C:\windows\SYSTEM32\ole32.dll
[0619/151410:ERROR:process_reader_win.cc(233)] ReadMemory at 0x74cd0000 of 64 bytes failed: 仅完成部分的 ReadProcessMemory 或 WriteProcessMemory 请求。 (0x12B)
[0619/151410:WARNING:pe_image_reader.cc(281)] could not read dos header from C:\windows\SYSTEM32\combase.dll
[0619/151410:ERROR:process_reader_win.cc(233)] ReadMemory at 0x76fd0000 of 64 bytes failed: 仅完成部分的 ReadProcessMemory 或 WriteProcessMemory 请求。 (0x12B)
[0619/151410:ERROR:process_reader_win.cc(233)] ReadMemory at 0x72070000 of 64 bytes failed: 仅完成部分的 ReadProcessMemory 或 WriteProcessMemory 请求。 (0x12B)
[0619/151410:WARNING:pe_image_reader.cc(281)] could not read dos header from C:\windows\SYSTEM32\OLEAUT32.dll
[0619/151410:WARNING:pe_image_reader.cc(281)] could not read dos header from C:\windows\SYSTEM32\WINHTTP.dll
[0619/151410:ERROR:process_reader_win.cc(233)] ReadMemory at 0x773d0000 of 64 bytes failed: 仅完成部分的 ReadProcessMemory 或 WriteProcessMemory 请求。 (0x12B)
[0619/151410:ERROR:process_reader_win.cc(233)] ReadMemory at 0x72960000 of 64 bytes failed: 仅完成部分的 ReadProcessMemory 或 WriteProcessMemory 请求。 (0x12B)
[0619/151410:WARNING:pe_image_reader.cc(281)] could not read dos header from C:\windows\SYSTEM32\PSAPI.DLL
[0619/151410:WARNING:pe_image_reader.cc(281)] could not read dos header from F:\杩蜂杞\360Safe\safemon\safewrapper32.dll
[0619/151410:ERROR:process_reader_win.cc(233)] ReadMemory at 0x76610000 of 64 bytes failed: 仅完成部分的 ReadProcessMemory 或 WriteProcessMemory 请求。 (0x12B)
[0619/151410:ERROR:process_reader_win.cc(233)] ReadMemory at 0x76a10000 of 64 bytes failed: 仅完成部分的 ReadProcessMemory 或 WriteProcessMemory 请求。 (0x12B)
[0619/151410:WARNING:pe_image_reader.cc(281)] could not read dos header from C:\windows\SYSTEM32\SHLWAPI.dll
[0619/151410:WARNING:pe_image_reader.cc(281)] could not read dos header from C:\windows\SYSTEM32\NSI.dll
[0619/151410:ERROR:process_reader_win.cc(233)] ReadMemory at 0x75230000 of 64 bytes failed: 仅完成部分的 ReadProcessMemory 或 WriteProcessMemory 请求。 (0x12B)
[0619/151410:WARNING:pe_image_reader.cc(281)] could not read dos header from C:\windows\SYSTEM32\SHELL32.dll
[0619/151410:ERROR:process_reader_win.cc(233)] ReadMemory at 0x76880000 of 64 bytes failed: 仅完成部分的 ReadProcessMemory 或 WriteProcessMemory 请求。 (0x12B)
[0619/151410:ERROR:process_reader_win.cc(233)] ReadMemory at 0x76da0000 of 64 bytes failed: 仅完成部分的 ReadProcessMemory 或 WriteProcessMemory 请求。 (0x12B)
[0619/151410:WARNING:pe_image_reader.cc(281)] could not read dos header from C:\windows\SYSTEM32\WS2_32.dll
[0619/151410:WARNING:pe_image_reader.cc(281)] could not read dos header from C:\windows\SYSTEM32\ole32.dll
[0619/151410:ERROR:process_reader_win.cc(233)] ReadMemory at 0x748c0000 of 64 bytes failed: 仅完成部分的 ReadProcessMemory 或 WriteProcessMemory 请求。 (0x12B)
[0619/151410:ERROR:process_reader_win.cc(233)] ReadMemory at 0x76fd0000 of 64 bytes failed: 仅完成部分的 ReadProcessMemory 或 WriteProcessMemory 请求。 (0x12B)
[0619/151410:WARNING:pe_image_reader.cc(281)] could not read dos header from C:\windows\SYSTEM32\netutils.dll
[0619/151410:WARNING:pe_image_reader.cc(281)] could not read dos header from C:\windows\SYSTEM32\OLEAUT32.dll
[0619/151410:ERROR:process_reader_win.cc(233)] ReadMemory at 0x773d0000 of 64 bytes failed: 仅完成部分的 ReadProcessMemory 或 WriteProcessMemory 请求。 (0x12B)
[0619/151410:ERROR:process_reader_win.cc(233)] ReadMemory at 0x748a0000 of 64 bytes failed: 仅完成部分的 ReadProcessMemory 或 WriteProcessMemory 请求。 (0x12B)
[0619/151410:WARNING:pe_image_reader.cc(281)] could not read dos header from C:\windows\SYSTEM32\PSAPI.DLL
[0619/151410:WARNING:pe_image_reader.cc(281)] could not read dos header from C:\windows\SYSTEM32\srvcli.dll
[0619/151410:ERROR:process_reader_win.cc(233)] ReadMemory at 0x76a10000 of 64 bytes failed: 仅完成部分的 ReadProcessMemory 或 WriteProcessMemory 请求。 (0x12B)
[0619/151410:WARNING:pe_image_reader.cc(281)] could not read dos header from C:\windows\SYSTEM32\NSI.dll
[0619/151410:ERROR:process_reader_win.cc(233)] ReadMemory at 0x74890000 of 64 bytes failed: 仅完成部分的 ReadProcessMemory 或 WriteProcessMemory 请求。 (0x12B)
[0619/151410:ERROR:process_reader_win.cc(233)] ReadMemory at 0x76880000 of 64 bytes failed: 仅完成部分的 ReadProcessMemory 或 WriteProcessMemory 请求。 (0x12B)
[0619/151410:WARNING:pe_image_reader.cc(281)] could not read dos header from C:\windows\SYSTEM32\wkscli.dll
[0619/151410:WARNING:pe_image_reader.cc(281)] could not read dos header from C:\windows\SYSTEM32\WS2_32.dll
[0619/151410:ERROR:process_reader_win.cc(233)] ReadMemory at 0x748c0000 of 64 bytes failed: 仅完成部分的 ReadProcessMemory 或 WriteProcessMemory 请求。 (0x12B)
[0619/151410:ERROR:process_reader_win.cc(233)] ReadMemory at 0x748f0000 of 64 bytes failed: 仅完成部分的 ReadProcessMemory 或 WriteProcessMemory 请求。 (0x12B)
[0619/151410:WARNING:pe_image_reader.cc(281)] could not read dos header from C:\windows\SYSTEM32\netutils.dll
[0619/151410:WARNING:pe_image_reader.cc(281)] could not read dos header from C:\windows\SYSTEM32\NETAPI32.dll
[0619/151410:ERROR:process_reader_win.cc(233)] ReadMemory at 0x748a0000 of 64 bytes failed: 仅完成部分的 ReadProcessMemory 或 WriteProcessMemory 请求。 (0x12B)
[0619/151410:WARNING:pe_image_reader.cc(281)] could not read dos header from C:\windows\SYSTEM32\srvcli.dll
[0619/151410:ERROR:process_reader_win.cc(233)] ReadMemory at 0x713a0000 of 64 bytes failed: 仅完成部分的 ReadProcessMemory 或 WriteProcessMemory 请求。 (0x12B)
[0619/151410:ERROR:process_reader_win.cc(233)] ReadMemory at 0x74890000 of 64 bytes failed: 仅完成部分的 ReadProcessMemory 或 WriteProcessMemory 请求。 (0x12B)
[0619/151410:WARNING:pe_image_reader.cc(281)] could not read dos header from F:\杩蜂杞\360Safe\safemon\safemon.dll
[0619/151410:WARNING:pe_image_reader.cc(281)] could not read dos header from C:\windows\SYSTEM32\wkscli.dll
[0619/151410:ERROR:process_reader_win.cc(233)] ReadMemory at 0x748f0000 of 64 bytes failed: 仅完成部分的 ReadProcessMemory 或 WriteProcessMemory 请求。 (0x12B)
[0619/151410:ERROR:process_reader_win.cc(233)] ReadMemory at 0x74800000 of 64 bytes failed: 仅完成部分的 ReadProcessMemory 或 WriteProcessMemory 请求。 (0x12B)
[0619/151410:WARNING:pe_image_reader.cc(281)] could not read dos header from C:\windows\SYSTEM32\NETAPI32.dll
[0619/151410:WARNING:pe_image_reader.cc(281)] could not read dos header from C:\windows\SYSTEM32\shcore.dll
[0619/151410:ERROR:process_reader_win.cc(233)] ReadMemory at 0x713a0000 of 64 bytes failed: 仅完成部分的 ReadProcessMemory 或 WriteProcessMemory 请求。 (0x12B)
[0619/151410:WARNING:pe_image_reader.cc(281)] could not read dos header from F:\杩蜂杞\360Safe\safemon\safemon.dll
[0619/151410:ERROR:process_reader_win.cc(233)] ReadMemory at 0x602a0000 of 64 bytes failed: 仅完成部分的 ReadProcessMemory 或 WriteProcessMemory 请求。 (0x12B)
[0619/151410:ERROR:process_reader_win.cc(233)] ReadMemory at 0x74800000 of 64 bytes failed: 仅完成部分的 ReadProcessMemory 或 WriteProcessMemory 请求。 (0x12B)
[0619/151410:WARNING:pe_image_reader.cc(281)] could not read dos header from F:\杩蜂杞\360Safe\safemon\iNetSafe.dll
[0619/151410:WARNING:pe_image_reader.cc(281)] could not read dos header from C:\windows\SYSTEM32\shcore.dll
[0619/151410:ERROR:process_reader_win.cc(233)] ReadMemory at 0x602a0000 of 64 bytes failed: 仅完成部分的 ReadProcessMemory 或 WriteProcessMemory 请求。 (0x12B)
[0619/151410:ERROR:process_reader_win.cc(233)] ReadMemory at 0x73d20000 of 64 bytes failed: 仅完成部分的 ReadProcessMemory 或 WriteProcessMemory 请求。 (0x12B)
[0619/151410:WARNING:pe_image_reader.cc(281)] could not read dos header from F:\杩蜂杞\360Safe\safemon\iNetSafe.dll
[0619/151410:WARNING:pe_image_reader.cc(281)] could not read dos header from C:\windows\SYSTEM32\WINSPOOL.DRV
[0619/151410:ERROR:process_reader_win.cc(233)] ReadMemory at 0x73d20000 of 64 bytes failed: 仅完成部分的 ReadProcessMemory 或 WriteProcessMemory 请求。 (0x12B)
[0619/151410:WARNING:pe_image_reader.cc(281)] could not read dos header from C:\windows\SYSTEM32\WINSPOOL.DRV
[0619/151410:ERROR:process_reader_win.cc(233)] ReadMemory at 0x72f40000 of 64 bytes failed: 仅完成部分的 ReadProcessMemory 或 WriteProcessMemory 请求。 (0x12B)
[0619/151410:ERROR:process_reader_win.cc(233)] ReadMemory at 0x72f40000 of 64 bytes failed: 仅完成部分的 ReadProcessMemory 或 WriteProcessMemory 请求。 (0x12B)
[0619/151410:WARNING:pe_image_reader.cc(281)] could not read dos header from C:\windows\WinSxS\x86_microsoft.windows.common-controls_6595b64144ccf1df_6.0.9200.16579_none_8937eec6860750f5\COMCTL32.dll
[0619/151410:WARNING:pe_image_reader.cc(281)] could not read dos header from C:\windows\WinSxS\x86_microsoft.windows.common-controls_6595b64144ccf1df_6.0.9200.16579_none_8937eec6860750f5\COMCTL32.dll
[0619/151410:ERROR:process_reader_win.cc(233)] ReadMemory at 0x767c0000 of 64 bytes failed: 仅完成部分的 ReadProcessMemory 或 WriteProcessMemory 请求。 (0x12B)
[0619/151410:ERROR:process_reader_win.cc(233)] ReadMemory at 0x767c0000 of 64 bytes failed: 仅完成部分的 ReadProcessMemory 或 WriteProcessMemory 请求。 (0x12B)
[0619/151410:WARNING:pe_image_reader.cc(281)] could not read dos header from C:\windows\SYSTEM32\COMDLG32.dll
[0619/151410:WARNING:pe_image_reader.cc(281)] could not read dos header from C:\windows\SYSTEM32\COMDLG32.dll
[0619/151410:ERROR:process_reader_win.cc(233)] ReadMemory at 0x74880000 of 64 bytes failed: 仅完成部分的 ReadProcessMemory 或 WriteProcessMemory 请求。 (0x12B)
[0619/151410:ERROR:process_reader_win.cc(233)] ReadMemory at 0x74880000 of 64 bytes failed: 仅完成部分的 ReadProcessMemory 或 WriteProcessMemory 请求。 (0x12B)
[0619/151410:WARNING:pe_image_reader.cc(281)] could not read dos header from C:\windows\SYSTEM32\WINNSI.DLL
[0619/151410:WARNING:pe_image_reader.cc(281)] could not read dos header from C:\windows\SYSTEM32\WINNSI.DLL
[0619/151410:ERROR:process_reader_win.cc(233)] ReadMemory at 0x748d0000 of 64 bytes failed: 仅完成部分的 ReadProcessMemory 或 WriteProcessMemory 请求。 (0x12B)
[0619/151410:ERROR:process_reader_win.cc(233)] ReadMemory at 0x748d0000 of 64 bytes failed: 仅完成部分的 ReadProcessMemory 或 WriteProcessMemory 请求。 (0x12B)
[0619/151410:WARNING:pe_image_reader.cc(281)] could not read dos header from C:\windows\SYSTEM32\IPHLPAPI.DLL
[0619/151410:WARNING:pe_image_reader.cc(281)] could not read dos header from C:\windows\SYSTEM32\IPHLPAPI.DLL
[0619/151410:ERROR:process_reader_win.cc(233)] ReadMemory at 0x67dd0000 of 64 bytes failed: 仅完成部分的 ReadProcessMemory 或 WriteProcessMemory 请求。 (0x12B)
[0619/151410:ERROR:process_reader_win.cc(233)] ReadMemory at 0x67dd0000 of 64 bytes failed: 仅完成部分的 ReadProcessMemory 或 WriteProcessMemory 请求。 (0x12B)
[0619/151410:WARNING:pe_image_reader.cc(281)] could not read dos header from C:\windows\SYSTEM32\USP10.dll
[0619/151410:WARNING:pe_image_reader.cc(281)] could not read dos header from C:\windows\SYSTEM32\USP10.dll
[0619/151410:ERROR:process_reader_win.cc(233)] ReadMemory at 0x76860000 of 64 bytes failed: 仅完成部分的 ReadProcessMemory 或 WriteProcessMemory 请求。 (0x12B)
[0619/151410:ERROR:process_reader_win.cc(233)] ReadMemory at 0x76860000 of 64 bytes failed: 仅完成部分的 ReadProcessMemory 或 WriteProcessMemory 请求。 (0x12B)
[0619/151410:WARNING:pe_image_reader.cc(281)] could not read dos header from C:\windows\SYSTEM32\MSASN1.dll
[0619/151410:WARNING:pe_image_reader.cc(281)] could not read dos header from C:\windows\SYSTEM32\MSASN1.dll
[0619/151410:ERROR:process_reader_win.cc(233)] ReadMemory at 0x76c10000 of 64 bytes failed: 仅完成部分的 ReadProcessMemory 或 WriteProcessMemory 请求。 (0x12B)
[0619/151410:ERROR:process_reader_win.cc(233)] ReadMemory at 0x76c10000 of 64 bytes failed: 仅完成部分的 ReadProcessMemory 或 WriteProcessMemory 请求。 (0x12B)
[0619/151410:WARNING:pe_image_reader.cc(281)] could not read dos header from C:\windows\SYSTEM32\CRYPT32.dll
[0619/151410:WARNING:pe_image_reader.cc(281)] could not read dos header from C:\windows\SYSTEM32\CRYPT32.dll
[0619/151410:ERROR:process_reader_win.cc(233)] ReadMemory at 0x77160000 of 64 bytes failed: 仅完成部分的 ReadProcessMemory 或 WriteProcessMemory 请求。 (0x12B)
[0619/151410:ERROR:process_reader_win.cc(233)] ReadMemory at 0x77160000 of 64 bytes failed: 仅完成部分的 ReadProcessMemory 或 WriteProcessMemory 请求。 (0x12B)
[0619/151410:WARNING:pe_image_reader.cc(281)] could not read dos header from C:\windows\SYSTEM32\WINTRUST.dll
[0619/151410:WARNING:pe_image_reader.cc(281)] could not read dos header from C:\windows\SYSTEM32\WINTRUST.dll
[0619/151410:ERROR:process_reader_win.cc(233)] ReadMemory at 0x74520000 of 64 bytes failed: 仅完成部分的 ReadProcessMemory 或 WriteProcessMemory 请求。 (0x12B)
[0619/151410:ERROR:process_reader_win.cc(233)] ReadMemory at 0x74520000 of 64 bytes failed: 仅完成部分的 ReadProcessMemory 或 WriteProcessMemory 请求。 (0x12B)
[0619/151410:WARNING:pe_image_reader.cc(281)] could not read dos header from C:\windows\SYSTEM32\Secur32.dll
[0619/151410:WARNING:pe_image_reader.cc(281)] could not read dos header from C:\windows\SYSTEM32\Secur32.dll
[0619/151410:ERROR:process_reader_win.cc(233)] ReadMemory at 0xff40000 of 64 bytes failed: 仅完成部分的 ReadProcessMemory 或 WriteProcessMemory 请求。 (0x12B)
[0619/151410:WARNING:pe_image_reader.cc(281)] could not read dos header from C:\Program Files (x86)\Google\Chrome\Application\52.0.2743.116\chrome_child.dll
[0619/151410:ERROR:process_reader_win.cc(233)] ReadMemory at 0xff40000 of 64 bytes failed: 仅完成部分的 ReadProcessMemory 或 WriteProcessMemory 请求。 (0x12B)
[0619/151410:WARNING:pe_image_reader.cc(281)] could not read dos header from C:\Program Files (x86)\Google\Chrome\Application\52.0.2743.116\chrome_child.dll
[0619/151410:ERROR:process_reader_win.cc(233)] ReadMemory at 0x67bb0000 of 64 bytes failed: 仅完成部分的 ReadProcessMemory 或 WriteProcessMemory 请求。 (0x12B)
[0619/151410:WARNING:pe_image_reader.cc(281)] could not read dos header from C:\windows\SYSTEM32\dwrite.dll
[0619/151410:ERROR:process_reader_win.cc(233)] ReadMemory at 0x67bb0000 of 64 bytes failed: 仅完成部分的 ReadProcessMemory 或 WriteProcessMemory 请求。 (0x12B)
[0619/151410:WARNING:pe_image_reader.cc(281)] could not read dos header from C:\windows\SYSTEM32\dwrite.dll
[0619/151410:ERROR:process_reader_win.cc(233)] ReadMemory at 0x7758f1c0 of 5888 bytes failed: 仅完成部分的 ReadProcessMemory 或 WriteProcessMemory 请求。 (0x12B)
[0619/151410:ERROR:process_reader_win.cc(233)] ReadMemory at 0x7758f1c0 of 5888 bytes failed: 仅完成部分的 ReadProcessMemory 或 WriteProcessMemory 请求。 (0x12B)
[0619/151410:ERROR:process_reader_win.cc(233)] ReadMemory at 0x70000 of 64 bytes failed: 仅完成部分的 ReadProcessMemory 或 WriteProcessMemory 请求。 (0x12B)
[0619/151410:ERROR:process_reader_win.cc(233)] ReadMemory at 0x70000 of 64 bytes failed: 仅完成部分的 ReadProcessMemory 或 WriteProcessMemory 请求。 (0x12B)
[0619/151410:WARNING:pe_image_reader.cc(281)] could not read dos header from C:\Program Files (x86)\Google\Chrome\Application\chrome.exe
[0619/151410:WARNING:pe_image_reader.cc(281)] could not read dos header from C:\Program Files (x86)\Google\Chrome\Application\chrome.exe
[0619/151410:ERROR:process_reader_win.cc(233)] ReadMemory at 0x774a0000 of 64 bytes failed: 仅完成部分的 ReadProcessMemory 或 WriteProcessMemory 请求。 (0x12B)
[0619/151410:ERROR:process_reader_win.cc(233)] ReadMemory at 0x774a0000 of 64 bytes failed: 仅完成部分的 ReadProcessMemory 或 WriteProcessMemory 请求。 (0x12B)
[0619/151410:WARNING:pe_image_reader.cc(281)] could not read dos header from C:\windows\SYSTEM32\ntdll.dll
[0619/151410:WARNING:pe_image_reader.cc(281)] could not read dos header from C:\windows\SYSTEM32\ntdll.dll
[0619/151410:ERROR:process_reader_win.cc(233)] ReadMemory at 0x771d0000 of 64 bytes failed: 仅完成部分的 ReadProcessMemory 或 WriteProcessMemory 请求。 (0x12B)
[0619/151410:ERROR:process_reader_win.cc(233)] ReadMemory at 0x771d0000 of 64 bytes failed: 仅完成部分的 ReadProcessMemory 或 WriteProcessMemory 请求。 (0x12B)
[0619/151410:WARNING:pe_image_reader.cc(281)] could not read dos header from C:\windows\SYSTEM32\KERNELBASE.dll
[0619/151410:WARNING:pe_image_reader.cc(281)] could not read dos header from C:\windows\SYSTEM32\KERNELBASE.dll
[0619/151410:ERROR:process_reader_win.cc(233)] ReadMemory at 0x76a20000 of 64 bytes failed: 仅完成部分的 ReadProcessMemory 或 WriteProcessMemory 请求。 (0x12B)
[0619/151410:ERROR:process_reader_win.cc(233)] ReadMemory at 0x76a20000 of 64 bytes failed: 仅完成部分的 ReadProcessMemory 或 WriteProcessMemory 请求。 (0x12B)
[0619/151410:WARNING:pe_image_reader.cc(281)] could not read dos header from C:\windows\SYSTEM32\KERNEL32.DLL
[0619/151410:WARNING:pe_image_reader.cc(281)] could not read dos header from C:\windows\SYSTEM32\KERNEL32.DLL
[0619/151410:ERROR:process_reader_win.cc(233)] ReadMemory at 0x76b50000 of 64 bytes failed: 仅完成部分的 ReadProcessMemory 或 WriteProcessMemory 请求。 (0x12B)
[0619/151410:WARNING:pe_image_reader.cc(281)] could not read dos header from C:\windows\SYSTEM32\msvcrt.dll
[0619/151410:ERROR:process_reader_win.cc(233)] ReadMemory at 0x76b50000 of 64 bytes failed: 仅完成部分的 ReadProcessMemory 或 WriteProcessMemory 请求。 (0x12B)
[0619/151410:ERROR:process_reader_win.cc(233)] ReadMemory at 0x74a60000 of 64 bytes failed: 仅完成部分的 ReadProcessMemory 或 WriteProcessMemory 请求。 (0x12B)
[0619/151410:WARNING:pe_image_reader.cc(281)] could not read dos header from C:\windows\SYSTEM32\msvcrt.dll
[0619/151410:WARNING:pe_image_reader.cc(281)] could not read dos header from C:\windows\SYSTEM32\bcryptPrimitives.dll
[0619/151410:ERROR:process_reader_win.cc(233)] ReadMemory at 0x74ac0000 of 64 bytes failed: 仅完成部分的 ReadProcessMemory 或 WriteProcessMemory 请求。 (0x12B)
[0619/151410:ERROR:process_reader_win.cc(233)] ReadMemory at 0x74a60000 of 64 bytes failed: 仅完成部分的 ReadProcessMemory 或 WriteProcessMemory 请求。 (0x12B)
[0619/151410:WARNING:pe_image_reader.cc(281)] could not read dos header from C:\windows\SYSTEM32\CRYPTBASE.dll
[0619/151410:WARNING:pe_image_reader.cc(281)] could not read dos header from C:\windows\SYSTEM32\bcryptPrimitives.dll
[0619/151410:ERROR:process_reader_win.cc(233)] ReadMemory at 0x74ad0000 of 64 bytes failed: 仅完成部分的 ReadProcessMemory 或 WriteProcessMemory 请求。 (0x12B)
[0619/151410:WARNING:pe_image_reader.cc(281)] could not read dos header from C:\windows\SYSTEM32\SspiCli.dll
[0619/151410:ERROR:process_reader_win.cc(233)] ReadMemory at 0x74ac0000 of 64 bytes failed: 仅完成部分的 ReadProcessMemory 或 WriteProcessMemory 请求。 (0x12B)
[0619/151410:ERROR:process_reader_win.cc(233)] ReadMemory at 0x74fc0000 of 64 bytes failed: 仅完成部分的 ReadProcessMemory 或 WriteProcessMemory 请求。 (0x12B)
[0619/151410:WARNING:pe_image_reader.cc(281)] could not read dos header from C:\windows\SYSTEM32\CRYPTBASE.dll
[0619/151410:WARNING:pe_image_reader.cc(281)] could not read dos header from C:\windows\SYSTEM32\RPCRT4.dll
[0619/151410:ERROR:process_reader_win.cc(233)] ReadMemory at 0x77120000 of 64 bytes failed: 仅完成部分的 ReadProcessMemory 或 WriteProcessMemory 请求。 (0x12B)
[0619/151410:ERROR:process_reader_win.cc(233)] ReadMemory at 0x74ad0000 of 64 bytes failed: 仅完成部分的 ReadProcessMemory 或 WriteProcessMemory 请求。 (0x12B)
[0619/151410:WARNING:pe_image_reader.cc(281)] could not read dos header from C:\windows\SYSTEM32\sechost.dll
[0619/151410:WARNING:pe_image_reader.cc(281)] could not read dos header from C:\windows\SYSTEM32\SspiCli.dll
[0619/151410:ERROR:process_reader_win.cc(233)] ReadMemory at 0x76f20000 of 64 bytes failed: 仅完成部分的 ReadProcessMemory 或 WriteProcessMemory 请求。 (0x12B)
[0619/151410:WARNING:pe_image_reader.cc(281)] could not read dos header from C:\windows\SYSTEM32\ADVAPI32.DLL
[0619/151410:ERROR:process_reader_win.cc(233)] ReadMemory at 0x74fc0000 of 64 bytes failed: 仅完成部分的 ReadProcessMemory 或 WriteProcessMemory 请求。 (0x12B)
[0619/151410:ERROR:process_reader_win.cc(233)] ReadMemory at 0x5be70000 of 64 bytes failed: 仅完成部分的 ReadProcessMemory 或 WriteProcessMemory 请求。 (0x12B)
[0619/151410:WARNING:pe_image_reader.cc(281)] could not read dos header from C:\windows\SYSTEM32\RPCRT4.dll
[0619/151410:WARNING:pe_image_reader.cc(281)] could not read dos header from C:\Program Files (x86)\Google\Chrome\Application\52.0.2743.116\chrome_elf.dll
[0619/151410:ERROR:process_reader_win.cc(233)] ReadMemory at 0x77120000 of 64 bytes failed: 仅完成部分的 ReadProcessMemory 或 WriteProcessMemory 请求。 (0x12B)
[0619/151410:ERROR:process_reader_win.cc(233)] ReadMemory at 0x74a50000 of 64 bytes failed: 仅完成部分的 ReadProcessMemory 或 WriteProcessMemory 请求。 (0x12B)
[0619/151410:WARNING:pe_image_reader.cc(281)] could not read dos header from C:\windows\SYSTEM32\sechost.dll
[0619/151410:WARNING:pe_image_reader.cc(281)] could not read dos header from C:\windows\SYSTEM32\VERSION.dll
[0619/151410:ERROR:process_reader_win.cc(233)] ReadMemory at 0x74bd0000 of 64 bytes failed: 仅完成部分的 ReadProcessMemory 或 WriteProcessMemory 请求。 (0x12B)
[0619/151410:ERROR:process_reader_win.cc(233)] ReadMemory at 0x76f20000 of 64 bytes failed: 仅完成部分的 ReadProcessMemory 或 WriteProcessMemory 请求。 (0x12B)
[0619/151410:WARNING:pe_image_reader.cc(281)] could not read dos header from C:\windows\SYSTEM32\GDI32.dll
[0619/151410:WARNING:pe_image_reader.cc(281)] could not read dos header from C:\windows\SYSTEM32\ADVAPI32.DLL
[0619/151410:ERROR:process_reader_win.cc(233)] ReadMemory at 0x768f0000 of 64 bytes failed: 仅完成部分的 ReadProcessMemory 或 WriteProcessMemory 请求。 (0x12B)
[0619/151410:WARNING:pe_image_reader.cc(281)] could not read dos header from C:\windows\SYSTEM32\USER32.dll
[0619/151410:ERROR:process_reader_win.cc(233)] ReadMemory at 0x5be70000 of 64 bytes failed: 仅完成部分的 ReadProcessMemory 或 WriteProcessMemory 请求。 (0x12B)
[0619/151410:ERROR:process_reader_win.cc(233)] ReadMemory at 0x74af0000 of 64 bytes failed: 仅完成部分的 ReadProcessMemory 或 WriteProcessMemory 请求。 (0x12B)
[0619/151410:WARNING:pe_image_reader.cc(281)] could not read dos header from C:\Program Files (x86)\Google\Chrome\Application\52.0.2743.116\chrome_elf.dll
[0619/151410:WARNING:pe_image_reader.cc(281)] could not read dos header from C:\windows\SYSTEM32\MSCTF.dll
[0619/151410:ERROR:process_reader_win.cc(233)] ReadMemory at 0x768d0000 of 64 bytes failed: 仅完成部分的 ReadProcessMemory 或 WriteProcessMemory 请求。 (0x12B)
[0619/151410:ERROR:process_reader_win.cc(233)] ReadMemory at 0x74a50000 of 64 bytes failed: 仅完成部分的 ReadProcessMemory 或 WriteProcessMemory 请求。 (0x12B)
[0619/151410:WARNING:pe_image_reader.cc(281)] could not read dos header from C:\windows\system32\IMM32.DLL
[0619/151410:WARNING:pe_image_reader.cc(281)] could not read dos header from C:\windows\SYSTEM32\VERSION.dll
[0619/151410:ERROR:process_reader_win.cc(233)] ReadMemory at 0x770c0000 of 64 bytes failed: 仅完成部分的 ReadProcessMemory 或 WriteProcessMemory 请求。 (0x12B)
[0619/151410:ERROR:process_reader_win.cc(233)] ReadMemory at 0x74bd0000 of 64 bytes failed: 仅完成部分的 ReadProcessMemory 或 WriteProcessMemory 请求。 (0x12B)
[0619/151410:WARNING:pe_image_reader.cc(281)] could not read dos header from C:\windows\SYSTEM32\cfgmgr32.dll
[0619/151410:WARNING:pe_image_reader.cc(281)] could not read dos header from C:\windows\SYSTEM32\GDI32.dll
[0619/151410:ERROR:process_reader_win.cc(233)] ReadMemory at 0x77280000 of 64 bytes failed: 仅完成部分的 ReadProcessMemory 或 WriteProcessMemory 请求。 (0x12B)
[0619/151410:ERROR:process_reader_win.cc(233)] ReadMemory at 0x768f0000 of 64 bytes failed: 仅完成部分的 ReadProcessMemory 或 WriteProcessMemory 请求。 (0x12B)
[0619/151410:WARNING:pe_image_reader.cc(281)] could not read dos header from C:\windows\SYSTEM32\DEVOBJ.dll
[0619/151410:WARNING:pe_image_reader.cc(281)] could not read dos header from C:\windows\SYSTEM32\USER32.dll
[0619/151410:ERROR:process_reader_win.cc(233)] ReadMemory at 0x74450000 of 64 bytes failed: 仅完成部分的 ReadProcessMemory 或 WriteProcessMemory 请求。 (0x12B)
[0619/151410:ERROR:process_reader_win.cc(233)] ReadMemory at 0x74af0000 of 64 bytes failed: 仅完成部分的 ReadProcessMemory 或 WriteProcessMemory 请求。 (0x12B)
[0619/151410:WARNING:pe_image_reader.cc(281)] could not read dos header from C:\windows\SYSTEM32\WINMMBASE.dll
[0619/151410:WARNING:pe_image_reader.cc(281)] could not read dos header from C:\windows\SYSTEM32\MSCTF.dll
[0619/151410:ERROR:process_reader_win.cc(233)] ReadMemory at 0x74480000 of 64 bytes failed: 仅完成部分的 ReadProcessMemory 或 WriteProcessMemory 请求。 (0x12B)
[0619/151410:ERROR:process_reader_win.cc(233)] ReadMemory at 0x768d0000 of 64 bytes failed: 仅完成部分的 ReadProcessMemory 或 WriteProcessMemory 请求。 (0x12B)
[0619/151410:WARNING:pe_image_reader.cc(281)] could not read dos header from C:\windows\SYSTEM32\WINMM.dll
[0619/151410:WARNING:pe_image_reader.cc(281)] could not read dos header from C:\windows\system32\IMM32.DLL
[0619/151410:ERROR:process_reader_win.cc(233)] ReadMemory at 0x74a00000 of 64 bytes failed: 仅完成部分的 ReadProcessMemory 或 WriteProcessMemory 请求。 (0x12B)
[0619/151410:ERROR:process_reader_win.cc(233)] ReadMemory at 0x770c0000 of 64 bytes failed: 仅完成部分的 ReadProcessMemory 或 WriteProcessMemory 请求。 (0x12B)
[0619/151410:WARNING:pe_image_reader.cc(281)] could not read dos header from C:\windows\SYSTEM32\profapi.dll
[0619/151410:WARNING:pe_image_reader.cc(281)] could not read dos header from C:\windows\SYSTEM32\cfgmgr32.dll
[0619/151410:ERROR:process_reader_win.cc(233)] ReadMemory at 0x74a20000 of 64 bytes failed: 仅完成部分的 ReadProcessMemory 或 WriteProcessMemory 请求。 (0x12B)
[0619/151410:ERROR:process_reader_win.cc(233)] ReadMemory at 0x77280000 of 64 bytes failed: 仅完成部分的 ReadProcessMemory 或 WriteProcessMemory 请求。 (0x12B)
[0619/151410:WARNING:pe_image_reader.cc(281)] could not read dos header from C:\windows\SYSTEM32\USERENV.dll
[0619/151410:WARNING:pe_image_reader.cc(281)] could not read dos header from C:\windows\SYSTEM32\DEVOBJ.dll
[0619/151410:ERROR:process_reader_win.cc(233)] ReadMemory at 0x74a40000 of 64 bytes failed: 仅完成部分的 ReadProcessMemory 或 WriteProcessMemory 请求。 (0x12B)
[0619/151410:ERROR:process_reader_win.cc(233)] ReadMemory at 0x74450000 of 64 bytes failed: 仅完成部分的 ReadProcessMemory 或 WriteProcessMemory 请求。 (0x12B)
[0619/151410:WARNING:pe_image_reader.cc(281)] could not read dos header from C:\windows\SYSTEM32\WTSAPI32.dll
[0619/151410:WARNING:pe_image_reader.cc(281)] could not read dos header from C:\windows\SYSTEM32\WINMMBASE.dll
[0619/151410:ERROR:process_reader_win.cc(233)] ReadMemory at 0x74cd0000 of 64 bytes failed: 仅完成部分的 ReadProcessMemory 或 WriteProcessMemory 请求。 (0x12B)
[0619/151410:ERROR:process_reader_win.cc(233)] ReadMemory at 0x74480000 of 64 bytes failed: 仅完成部分的 ReadProcessMemory 或 WriteProcessMemory 请求。 (0x12B)
[0619/151410:WARNING:pe_image_reader.cc(281)] could not read dos header from C:\windows\SYSTEM32\combase.dll
[0619/151410:WARNING:pe_image_reader.cc(281)] could not read dos header from C:\windows\SYSTEM32\WINMM.dll
[0619/151410:ERROR:process_reader_win.cc(233)] ReadMemory at 0x72070000 of 64 bytes failed: 仅完成部分的 ReadProcessMemory 或 WriteProcessMemory 请求。 (0x12B)
[0619/151410:WARNING:pe_image_reader.cc(281)] could not read dos header from C:\windows\SYSTEM32\WINHTTP.dll
[0619/151410:ERROR:process_reader_win.cc(233)] ReadMemory at 0x74a00000 of 64 bytes failed: 仅完成部分的 ReadProcessMemory 或 WriteProcessMemory 请求。 (0x12B)
[0619/151410:WARNING:pe_image_reader.cc(281)] could not read dos header from C:\windows\SYSTEM32\profapi.dll
[0619/151410:ERROR:process_reader_win.cc(233)] ReadMemory at 0x72960000 of 64 bytes failed: 仅完成部分的 ReadProcessMemory 或 WriteProcessMemory 请求。 (0x12B)
[0619/151410:WARNING:pe_image_reader.cc(281)] could not read dos header from F:\杩蜂杞\360Safe\safemon\safewrapper32.dll
[0619/151410:ERROR:process_reader_win.cc(233)] ReadMemory at 0x74a20000 of 64 bytes failed: 仅完成部分的 ReadProcessMemory 或 WriteProcessMemory 请求。 (0x12B)
[0619/151410:WARNING:pe_image_reader.cc(281)] could not read dos header from C:\windows\SYSTEM32\USERENV.dll
[0619/151410:ERROR:process_reader_win.cc(233)] ReadMemory at 0x74a40000 of 64 bytes failed: 仅完成部分的 ReadProcessMemory 或 WriteProcessMemory 请求。 (0x12B)
[0619/151410:ERROR:process_reader_win.cc(233)] ReadMemory at 0x76610000 of 64 bytes failed: 仅完成部分的 ReadProcessMemory 或 WriteProcessMemory 请求。 (0x12B)
[0619/151410:WARNING:pe_image_reader.cc(281)] could not read dos header from C:\windows\SYSTEM32\WTSAPI32.dll
[0619/151410:WARNING:pe_image_reader.cc(281)] could not read dos header from C:\windows\SYSTEM32\SHLWAPI.dll
[0619/151410:ERROR:process_reader_win.cc(233)] ReadMemory at 0x74cd0000 of 64 bytes failed: 仅完成部分的 ReadProcessMemory 或 WriteProcessMemory 请求。 (0x12B)
[0619/151410:ERROR:process_reader_win.cc(233)] ReadMemory at 0x75230000 of 64 bytes failed: 仅完成部分的 ReadProcessMemory 或 WriteProcessMemory 请求。 (0x12B)
[0619/151410:WARNING:pe_image_reader.cc(281)] could not read dos header from C:\windows\SYSTEM32\combase.dll
[0619/151410:WARNING:pe_image_reader.cc(281)] could not read dos header from C:\windows\SYSTEM32\SHELL32.dll
[0619/151410:ERROR:process_reader_win.cc(233)] ReadMemory at 0x72070000 of 64 bytes failed: 仅完成部分的 ReadProcessMemory 或 WriteProcessMemory 请求。 (0x12B)
[0619/151410:ERROR:process_reader_win.cc(233)] ReadMemory at 0x76da0000 of 64 bytes failed: 仅完成部分的 ReadProcessMemory 或 WriteProcessMemory 请求。 (0x12B)
[0619/151410:WARNING:pe_image_reader.cc(281)] could not read dos header from C:\windows\SYSTEM32\WINHTTP.dll
[0619/151410:WARNING:pe_image_reader.cc(281)] could not read dos header from C:\windows\SYSTEM32\ole32.dll
[0619/151410:ERROR:process_reader_win.cc(233)] ReadMemory at 0x72960000 of 64 bytes failed: 仅完成部分的 ReadProcessMemory 或 WriteProcessMemory 请求。 (0x12B)
[0619/151410:ERROR:process_reader_win.cc(233)] ReadMemory at 0x76fd0000 of 64 bytes failed: 仅完成部分的 ReadProcessMemory 或 WriteProcessMemory 请求。 (0x12B)
[0619/151410:WARNING:pe_image_reader.cc(281)] could not read dos header from F:\杩蜂杞\360Safe\safemon\safewrapper32.dll
[0619/151410:WARNING:pe_image_reader.cc(281)] could not read dos header from C:\windows\SYSTEM32\OLEAUT32.dll
[0619/151410:ERROR:process_reader_win.cc(233)] ReadMemory at 0x76610000 of 64 bytes failed: 仅完成部分的 ReadProcessMemory 或 WriteProcessMemory 请求。 (0x12B)
[0619/151410:ERROR:process_reader_win.cc(233)] ReadMemory at 0x773d0000 of 64 bytes failed: 仅完成部分的 ReadProcessMemory 或 WriteProcessMemory 请求。 (0x12B)
[0619/151410:WARNING:pe_image_reader.cc(281)] could not read dos header from C:\windows\SYSTEM32\SHLWAPI.dll
[0619/151410:WARNING:pe_image_reader.cc(281)] could not read dos header from C:\windows\SYSTEM32\PSAPI.DLL
[0619/151410:ERROR:process_reader_win.cc(233)] ReadMemory at 0x75230000 of 64 bytes failed: 仅完成部分的 ReadProcessMemory 或 WriteProcessMemory 请求。 (0x12B)
[0619/151410:ERROR:process_reader_win.cc(233)] ReadMemory at 0x76a10000 of 64 bytes failed: 仅完成部分的 ReadProcessMemory 或 WriteProcessMemory 请求。 (0x12B)
[0619/151410:WARNING:pe_image_reader.cc(281)] could not read dos header from C:\windows\SYSTEM32\SHELL32.dll
[0619/151410:WARNING:pe_image_reader.cc(281)] could not read dos header from C:\windows\SYSTEM32\NSI.dll
[0619/151410:ERROR:process_reader_win.cc(233)] ReadMemory at 0x76da0000 of 64 bytes failed: 仅完成部分的 ReadProcessMemory 或 WriteProcessMemory 请求。 (0x12B)
[0619/151410:ERROR:process_reader_win.cc(233)] ReadMemory at 0x76880000 of 64 bytes failed: 仅完成部分的 ReadProcessMemory 或 WriteProcessMemory 请求。 (0x12B)
[0619/151410:WARNING:pe_image_reader.cc(281)] could not read dos header from C:\windows\SYSTEM32\ole32.dll
[0619/151410:WARNING:pe_image_reader.cc(281)] could not read dos header from C:\windows\SYSTEM32\WS2_32.dll
[0619/151410:ERROR:process_reader_win.cc(233)] ReadMemory at 0x76fd0000 of 64 bytes failed: 仅完成部分的 ReadProcessMemory 或 WriteProcessMemory 请求。 (0x12B)
[0619/151410:ERROR:process_reader_win.cc(233)] ReadMemory at 0x748c0000 of 64 bytes failed: 仅完成部分的 ReadProcessMemory 或 WriteProcessMemory 请求。 (0x12B)
[0619/151410:WARNING:pe_image_reader.cc(281)] could not read dos header from C:\windows\SYSTEM32\OLEAUT32.dll
[0619/151410:WARNING:pe_image_reader.cc(281)] could not read dos header from C:\windows\SYSTEM32\netutils.dll
[0619/151410:ERROR:process_reader_win.cc(233)] ReadMemory at 0x773d0000 of 64 bytes failed: 仅完成部分的 ReadProcessMemory 或 WriteProcessMemory 请求。 (0x12B)
[0619/151410:ERROR:process_reader_win.cc(233)] ReadMemory at 0x748a0000 of 64 bytes failed: 仅完成部分的 ReadProcessMemory 或 WriteProcessMemory 请求。 (0x12B)
[0619/151410:WARNING:pe_image_reader.cc(281)] could not read dos header from C:\windows\SYSTEM32\PSAPI.DLL
[0619/151410:WARNING:pe_image_reader.cc(281)] could not read dos header from C:\windows\SYSTEM32\srvcli.dll
[0619/151410:ERROR:process_reader_win.cc(233)] ReadMemory at 0x76a10000 of 64 bytes failed: 仅完成部分的 ReadProcessMemory 或 WriteProcessMemory 请求。 (0x12B)
[0619/151410:ERROR:process_reader_win.cc(233)] ReadMemory at 0x74890000 of 64 bytes failed: 仅完成部分的 ReadProcessMemory 或 WriteProcessMemory 请求。 (0x12B)
[0619/151410:WARNING:pe_image_reader.cc(281)] could not read dos header from C:\windows\SYSTEM32\NSI.dll
[0619/151410:WARNING:pe_image_reader.cc(281)] could not read dos header from C:\windows\SYSTEM32\wkscli.dll
[0619/151410:ERROR:process_reader_win.cc(233)] ReadMemory at 0x76880000 of 64 bytes failed: 仅完成部分的 ReadProcessMemory 或 WriteProcessMemory 请求。 (0x12B)
[0619/151410:ERROR:process_reader_win.cc(233)] ReadMemory at 0x748f0000 of 64 bytes failed: 仅完成部分的 ReadProcessMemory 或 WriteProcessMemory 请求。 (0x12B)
[0619/151410:WARNING:pe_image_reader.cc(281)] could not read dos header from C:\windows\SYSTEM32\WS2_32.dll
[0619/151410:WARNING:pe_image_reader.cc(281)] could not read dos header from C:\windows\SYSTEM32\NETAPI32.dll
[0619/151410:ERROR:process_reader_win.cc(233)] ReadMemory at 0x748c0000 of 64 bytes failed: 仅完成部分的 ReadProcessMemory 或 WriteProcessMemory 请求。 (0x12B)
[0619/151410:WARNING:pe_image_reader.cc(281)] could not read dos header from C:\windows\SYSTEM32\netutils.dll
[0619/151410:ERROR:process_reader_win.cc(233)] ReadMemory at 0x713a0000 of 64 bytes failed: 仅完成部分的 ReadProcessMemory 或 WriteProcessMemory 请求。 (0x12B)
[0619/151410:ERROR:process_reader_win.cc(233)] ReadMemory at 0x748a0000 of 64 bytes failed: 仅完成部分的 ReadProcessMemory 或 WriteProcessMemory 请求。 (0x12B)
[0619/151410:WARNING:pe_image_reader.cc(281)] could not read dos header from F:\杩蜂杞\360Safe\safemon\safemon.dll
[0619/151410:WARNING:pe_image_reader.cc(281)] could not read dos header from C:\windows\SYSTEM32\srvcli.dll
[0619/151410:ERROR:process_reader_win.cc(233)] ReadMemory at 0x74800000 of 64 bytes failed: 仅完成部分的 ReadProcessMemory 或 WriteProcessMemory 请求。 (0x12B)
[0619/151410:ERROR:process_reader_win.cc(233)] ReadMemory at 0x74890000 of 64 bytes failed: 仅完成部分的 ReadProcessMemory 或 WriteProcessMemory 请求。 (0x12B)
[0619/151410:WARNING:pe_image_reader.cc(281)] could not read dos header from C:\windows\SYSTEM32\wkscli.dll
[0619/151410:WARNING:pe_image_reader.cc(281)] could not read dos header from C:\windows\SYSTEM32\shcore.dll
[0619/151410:ERROR:process_reader_win.cc(233)] ReadMemory at 0x748f0000 of 64 bytes failed: 仅完成部分的 ReadProcessMemory 或 WriteProcessMemory 请求。 (0x12B)
[0619/151410:ERROR:process_reader_win.cc(233)] ReadMemory at 0x602a0000 of 64 bytes failed: 仅完成部分的 ReadProcessMemory 或 WriteProcessMemory 请求。 (0x12B)
[0619/151410:WARNING:pe_image_reader.cc(281)] could not read dos header from C:\windows\SYSTEM32\NETAPI32.dll
[0619/151410:WARNING:pe_image_reader.cc(281)] could not read dos header from F:\杩蜂杞\360Safe\safemon\iNetSafe.dll
[0619/151410:ERROR:process_reader_win.cc(233)] ReadMemory at 0x713a0000 of 64 bytes failed: 仅完成部分的 ReadProcessMemory 或 WriteProcessMemory 请求。 (0x12B)
[0619/151410:WARNING:pe_image_reader.cc(281)] could not read dos header from F:\杩蜂杞\360Safe\safemon\safemon.dll
[0619/151410:ERROR:process_reader_win.cc(233)] ReadMemory at 0x74800000 of 64 bytes failed: 仅完成部分的 ReadProcessMemory 或 WriteProcessMemory 请求。 (0x12B)
[0619/151410:WARNING:pe_image_reader.cc(281)] could not read dos header from C:\windows\SYSTEM32\shcore.dll
[0619/151410:ERROR:process_reader_win.cc(233)] ReadMemory at 0x602a0000 of 64 bytes failed: 仅完成部分的 ReadProcessMemory 或 WriteProcessMemory 请求。 (0x12B)
[0619/151410:WARNING:pe_image_reader.cc(281)] could not read dos header from F:\杩蜂杞\360Safe\safemon\iNetSafe.dll
[0619/151410:ERROR:process_reader_win.cc(233)] ReadMemory at 0x73d20000 of 64 bytes failed: 仅完成部分的 ReadProcessMemory 或 WriteProcessMemory 请求。 (0x12B)
[0619/151410:WARNING:pe_image_reader.cc(281)] could not read dos header from C:\windows\SYSTEM32\WINSPOOL.DRV
[0619/151410:ERROR:process_reader_win.cc(233)] ReadMemory at 0x72f40000 of 64 bytes failed: 仅完成部分的 ReadProcessMemory 或 WriteProcessMemory 请求。 (0x12B)
[0619/151410:ERROR:process_reader_win.cc(233)] ReadMemory at 0x73d20000 of 64 bytes failed: 仅完成部分的 ReadProcessMemory 或 WriteProcessMemory 请求。 (0x12B)
[0619/151410:WARNING:pe_image_reader.cc(281)] could not read dos header from C:\windows\SYSTEM32\WINSPOOL.DRV
[0619/151410:ERROR:process_reader_win.cc(233)] ReadMemory at 0x72f40000 of 64 bytes failed: 仅完成部分的 ReadProcessMemory 或 WriteProcessMemory 请求。 (0x12B)
[0619/151410:WARNING:pe_image_reader.cc(281)] could not read dos header from C:\windows\WinSxS\x86_microsoft.windows.common-controls_6595b64144ccf1df_6.0.9200.16579_none_8937eec6860750f5\COMCTL32.dll
[0619/151410:WARNING:pe_image_reader.cc(281)] could not read dos header from C:\windows\WinSxS\x86_microsoft.windows.common-controls_6595b64144ccf1df_6.0.9200.16579_none_8937eec6860750f5\COMCTL32.dll
[0619/151410:ERROR:process_reader_win.cc(233)] ReadMemory at 0x767c0000 of 64 bytes failed: 仅完成部分的 ReadProcessMemory 或 WriteProcessMemory 请求。 (0x12B)
[0619/151410:WARNING:pe_image_reader.cc(281)] could not read dos header from C:\windows\SYSTEM32\COMDLG32.dll
[0619/151410:ERROR:process_reader_win.cc(233)] ReadMemory at 0x767c0000 of 64 bytes failed: 仅完成部分的 ReadProcessMemory 或 WriteProcessMemory 请求。 (0x12B)
[0619/151410:ERROR:process_reader_win.cc(233)] ReadMemory at 0x74880000 of 64 bytes failed: 仅完成部分的 ReadProcessMemory 或 WriteProcessMemory 请求。 (0x12B)
[0619/151410:WARNING:pe_image_reader.cc(281)] could not read dos header from C:\windows\SYSTEM32\COMDLG32.dll
[0619/151410:WARNING:pe_image_reader.cc(281)] could not read dos header from C:\windows\SYSTEM32\WINNSI.DLL
[0619/151410:ERROR:process_reader_win.cc(233)] ReadMemory at 0x74880000 of 64 bytes failed: 仅完成部分的 ReadProcessMemory 或 WriteProcessMemory 请求。 (0x12B)
[0619/151410:ERROR:process_reader_win.cc(233)] ReadMemory at 0x748d0000 of 64 bytes failed: 仅完成部分的 ReadProcessMemory 或 WriteProcessMemory 请求。 (0x12B)
[0619/151410:WARNING:pe_image_reader.cc(281)] could not read dos header from C:\windows\SYSTEM32\WINNSI.DLL
[0619/151410:WARNING:pe_image_reader.cc(281)] could not read dos header from C:\windows\SYSTEM32\IPHLPAPI.DLL
[0619/151410:ERROR:process_reader_win.cc(233)] ReadMemory at 0x748d0000 of 64 bytes failed: 仅完成部分的 ReadProcessMemory 或 WriteProcessMemory 请求。 (0x12B)
[0619/151410:ERROR:process_reader_win.cc(233)] ReadMemory at 0x67dd0000 of 64 bytes failed: 仅完成部分的 ReadProcessMemory 或 WriteProcessMemory 请求。 (0x12B)
[0619/151410:WARNING:pe_image_reader.cc(281)] could not read dos header from C:\windows\SYSTEM32\IPHLPAPI.DLL
[0619/151410:WARNING:pe_image_reader.cc(281)] could not read dos header from C:\windows\SYSTEM32\USP10.dll
[0619/151410:ERROR:process_reader_win.cc(233)] ReadMemory at 0x67dd0000 of 64 bytes failed: 仅完成部分的 ReadProcessMemory 或 WriteProcessMemory 请求。 (0x12B)
[0619/151410:ERROR:process_reader_win.cc(233)] ReadMemory at 0x76860000 of 64 bytes failed: 仅完成部分的 ReadProcessMemory 或 WriteProcessMemory 请求。 (0x12B)
[0619/151410:WARNING:pe_image_reader.cc(281)] could not read dos header from C:\windows\SYSTEM32\USP10.dll
[0619/151410:WARNING:pe_image_reader.cc(281)] could not read dos header from C:\windows\SYSTEM32\MSASN1.dll
[0619/151410:ERROR:process_reader_win.cc(233)] ReadMemory at 0x76860000 of 64 bytes failed: 仅完成部分的 ReadProcessMemory 或 WriteProcessMemory 请求。 (0x12B)
[0619/151410:ERROR:process_reader_win.cc(233)] ReadMemory at 0x76c10000 of 64 bytes failed: 仅完成部分的 ReadProcessMemory 或 WriteProcessMemory 请求。 (0x12B)
[0619/151410:WARNING:pe_image_reader.cc(281)] could not read dos header from C:\windows\SYSTEM32\MSASN1.dll
[0619/151410:WARNING:pe_image_reader.cc(281)] could not read dos header from C:\windows\SYSTEM32\CRYPT32.dll
[0619/151410:ERROR:process_reader_win.cc(233)] ReadMemory at 0x76c10000 of 64 bytes failed: 仅完成部分的 ReadProcessMemory 或 WriteProcessMemory 请求。 (0x12B)
[0619/151410:ERROR:process_reader_win.cc(233)] ReadMemory at 0x77160000 of 64 bytes failed: 仅完成部分的 ReadProcessMemory 或 WriteProcessMemory 请求。 (0x12B)
[0619/151410:WARNING:pe_image_reader.cc(281)] could not read dos header from C:\windows\SYSTEM32\CRYPT32.dll
[0619/151410:WARNING:pe_image_reader.cc(281)] could not read dos header from C:\windows\SYSTEM32\WINTRUST.dll
[0619/151410:ERROR:process_reader_win.cc(233)] ReadMemory at 0x77160000 of 64 bytes failed: 仅完成部分的 ReadProcessMemory 或 WriteProcessMemory 请求。 (0x12B)
[0619/151410:ERROR:process_reader_win.cc(233)] ReadMemory at 0x74520000 of 64 bytes failed: 仅完成部分的 ReadProcessMemory 或 WriteProcessMemory 请求。 (0x12B)
[0619/151410:WARNING:pe_image_reader.cc(281)] could not read dos header from C:\windows\SYSTEM32\WINTRUST.dll
[0619/151410:WARNING:pe_image_reader.cc(281)] could not read dos header from C:\windows\SYSTEM32\Secur32.dll
[0619/151410:ERROR:process_reader_win.cc(233)] ReadMemory at 0x74520000 of 64 bytes failed: 仅完成部分的 ReadProcessMemory 或 WriteProcessMemory 请求。 (0x12B)
[0619/151410:ERROR:process_reader_win.cc(233)] ReadMemory at 0xff40000 of 64 bytes failed: 仅完成部分的 ReadProcessMemory 或 WriteProcessMemory 请求。 (0x12B)
[0619/151410:WARNING:pe_image_reader.cc(281)] could not read dos header from C:\windows\SYSTEM32\Secur32.dll
[0619/151410:WARNING:pe_image_reader.cc(281)] could not read dos header from C:\Program Files (x86)\Google\Chrome\Application\52.0.2743.116\chrome_child.dll
[0619/151410:ERROR:process_reader_win.cc(233)] ReadMemory at 0xff40000 of 64 bytes failed: 仅完成部分的 ReadProcessMemory 或 WriteProcessMemory 请求。 (0x12B)
[0619/151410:ERROR:process_reader_win.cc(233)] ReadMemory at 0x67bb0000 of 64 bytes failed: 仅完成部分的 ReadProcessMemory 或 WriteProcessMemory 请求。 (0x12B)
[0619/151410:WARNING:pe_image_reader.cc(281)] could not read dos header from C:\Program Files (x86)\Google\Chrome\Application\52.0.2743.116\chrome_child.dll
[0619/151410:WARNING:pe_image_reader.cc(281)] could not read dos header from C:\windows\SYSTEM32\dwrite.dll
[0619/151410:ERROR:process_reader_win.cc(233)] ReadMemory at 0x67bb0000 of 64 bytes failed: 仅完成部分的 ReadProcessMemory 或 WriteProcessMemory 请求。 (0x12B)
[0619/151410:WARNING:pe_image_reader.cc(281)] could not read dos header from C:\windows\SYSTEM32\dwrite.dll
[0619/151410:ERROR:process_reader_win.cc(99)] process 7356 not found
[0619/151410:ERROR:process_reader_win.cc(99)] process 5840 not found
[0619/151410:ERROR:process_reader_win.cc(233)] ReadMemory at 0x70000 of 64 bytes failed: 仅完成部分的 ReadProcessMemory 或 WriteProcessMemory 请求。 (0x12B)
[0619/151410:ERROR:process_reader_win.cc(233)] ReadMemory at 0x70000 of 64 bytes failed: 仅完成部分的 ReadProcessMemory 或 WriteProcessMemory 请求。 (0x12B)
[0619/151410:WARNING:pe_image_reader.cc(281)] could not read dos header from C:\Program Files (x86)\Google\Chrome\Application\chrome.exe
[0619/151410:WARNING:pe_image_reader.cc(281)] could not read dos header from C:\Program Files (x86)\Google\Chrome\Application\chrome.exe
[0619/151410:ERROR:process_reader_win.cc(233)] ReadMemory at 0x774a0000 of 64 bytes failed: 仅完成部分的 ReadProcessMemory 或 WriteProcessMemory 请求。 (0x12B)
[0619/151410:ERROR:process_reader_win.cc(233)] ReadMemory at 0x774a0000 of 64 bytes failed: 仅完成部分的 ReadProcessMemory 或 WriteProcessMemory 请求。 (0x12B)
[0619/151410:WARNING:pe_image_reader.cc(281)] could not read dos header from C:\windows\SYSTEM32\ntdll.dll
[0619/151410:WARNING:pe_image_reader.cc(281)] could not read dos header from C:\windows\SYSTEM32\ntdll.dll
[0619/151410:ERROR:process_reader_win.cc(233)] ReadMemory at 0x771d0000 of 64 bytes failed: 仅完成部分的 ReadProcessMemory 或 WriteProcessMemory 请求。 (0x12B)
[0619/151410:ERROR:process_reader_win.cc(233)] ReadMemory at 0x771d0000 of 64 bytes failed: 仅完成部分的 ReadProcessMemory 或 WriteProcessMemory 请求。 (0x12B)
[0619/151410:WARNING:pe_image_reader.cc(281)] could not read dos header from C:\windows\SYSTEM32\KERNELBASE.dll
[0619/151410:WARNING:pe_image_reader.cc(281)] could not read dos header from C:\windows\SYSTEM32\KERNELBASE.dll
[0619/151410:ERROR:process_reader_win.cc(233)] ReadMemory at 0x76a20000 of 64 bytes failed: 仅完成部分的 ReadProcessMemory 或 WriteProcessMemory 请求。 (0x12B)
[0619/151410:ERROR:process_reader_win.cc(233)] ReadMemory at 0x76a20000 of 64 bytes failed: 仅完成部分的 ReadProcessMemory 或 WriteProcessMemory 请求。 (0x12B)
[0619/151410:WARNING:pe_image_reader.cc(281)] could not read dos header from C:\windows\SYSTEM32\KERNEL32.DLL
[0619/151410:WARNING:pe_image_reader.cc(281)] could not read dos header from C:\windows\SYSTEM32\KERNEL32.DLL
[0619/151410:ERROR:process_reader_win.cc(233)] ReadMemory at 0x76b50000 of 64 bytes failed: 仅完成部分的 ReadProcessMemory 或 WriteProcessMemory 请求。 (0x12B)
[0619/151410:ERROR:process_reader_win.cc(233)] ReadMemory at 0x76b50000 of 64 bytes failed: 仅完成部分的 ReadProcessMemory 或 WriteProcessMemory 请求。 (0x12B)
[0619/151410:WARNING:pe_image_reader.cc(281)] could not read dos header from C:\windows\SYSTEM32\msvcrt.dll
[0619/151410:WARNING:pe_image_reader.cc(281)] could not read dos header from C:\windows\SYSTEM32\msvcrt.dll
[0619/151410:ERROR:process_reader_win.cc(233)] ReadMemory at 0x74a60000 of 64 bytes failed: 仅完成部分的 ReadProcessMemory 或 WriteProcessMemory 请求。 (0x12B)
[0619/151410:ERROR:process_reader_win.cc(233)] ReadMemory at 0x74a60000 of 64 bytes failed: 仅完成部分的 ReadProcessMemory 或 WriteProcessMemory 请求。 (0x12B)
[0619/151410:WARNING:pe_image_reader.cc(281)] could not read dos header from C:\windows\SYSTEM32\bcryptPrimitives.dll
[0619/151410:WARNING:pe_image_reader.cc(281)] could not read dos header from C:\windows\SYSTEM32\bcryptPrimitives.dll
[0619/151410:ERROR:process_reader_win.cc(233)] ReadMemory at 0x74ac0000 of 64 bytes failed: 仅完成部分的 ReadProcessMemory 或 WriteProcessMemory 请求。 (0x12B)
[0619/151410:WARNING:pe_image_reader.cc(281)] could not read dos header from C:\windows\SYSTEM32\CRYPTBASE.dll
[0619/151410:ERROR:process_reader_win.cc(233)] ReadMemory at 0x74ac0000 of 64 bytes failed: 仅完成部分的 ReadProcessMemory 或 WriteProcessMemory 请求。 (0x12B)
[0619/151410:WARNING:pe_image_reader.cc(281)] could not read dos header from C:\windows\SYSTEM32\CRYPTBASE.dll
[0619/151410:ERROR:process_reader_win.cc(233)] ReadMemory at 0x74ad0000 of 64 bytes failed: 仅完成部分的 ReadProcessMemory 或 WriteProcessMemory 请求。 (0x12B)
[0619/151410:WARNING:pe_image_reader.cc(281)] could not read dos header from C:\windows\SYSTEM32\SspiCli.dll
[0619/151410:ERROR:process_reader_win.cc(233)] ReadMemory at 0x74ad0000 of 64 bytes failed: 仅完成部分的 ReadProcessMemory 或 WriteProcessMemory 请求。 (0x12B)
[0619/151410:WARNING:pe_image_reader.cc(281)] could not read dos header from C:\windows\SYSTEM32\SspiCli.dll
[0619/151410:ERROR:process_reader_win.cc(233)] ReadMemory at 0x74fc0000 of 64 bytes failed: 仅完成部分的 ReadProcessMemory 或 WriteProcessMemory 请求。 (0x12B)
[0619/151410:WARNING:pe_image_reader.cc(281)] could not read dos header from C:\windows\SYSTEM32\RPCRT4.dll
[0619/151410:ERROR:process_reader_win.cc(233)] ReadMemory at 0x74fc0000 of 64 bytes failed: 仅完成部分的 ReadProcessMemory 或 WriteProcessMemory 请求。 (0x12B)
[0619/151410:WARNING:pe_image_reader.cc(281)] could not read dos header from C:\windows\SYSTEM32\RPCRT4.dll
[0619/151410:ERROR:process_reader_win.cc(233)] ReadMemory at 0x77120000 of 64 bytes failed: 仅完成部分的 ReadProcessMemory 或 WriteProcessMemory 请求。 (0x12B)
[0619/151410:ERROR:process_reader_win.cc(233)] ReadMemory at 0x77120000 of 64 bytes failed: 仅完成部分的 ReadProcessMemory 或 WriteProcessMemory 请求。 (0x12B)
[0619/151410:WARNING:pe_image_reader.cc(281)] could not read dos header from C:\windows\SYSTEM32\sechost.dll
[0619/151410:WARNING:pe_image_reader.cc(281)] could not read dos header from C:\windows\SYSTEM32\sechost.dll
[0619/151410:ERROR:process_reader_win.cc(233)] ReadMemory at 0x76f20000 of 64 bytes failed: 仅完成部分的 ReadProcessMemory 或 WriteProcessMemory 请求。 (0x12B)
[0619/151410:ERROR:process_reader_win.cc(233)] ReadMemory at 0x76f20000 of 64 bytes failed: 仅完成部分的 ReadProcessMemory 或 WriteProcessMemory 请求。 (0x12B)
[0619/151410:WARNING:pe_image_reader.cc(281)] could not read dos header from C:\windows\SYSTEM32\ADVAPI32.DLL
[0619/151410:WARNING:pe_image_reader.cc(281)] could not read dos header from C:\windows\SYSTEM32\ADVAPI32.DLL
[0619/151410:ERROR:process_reader_win.cc(233)] ReadMemory at 0x5be70000 of 64 bytes failed: 仅完成部分的 ReadProcessMemory 或 WriteProcessMemory 请求。 (0x12B)
[0619/151410:ERROR:process_reader_win.cc(233)] ReadMemory at 0x5be70000 of 64 bytes failed: 仅完成部分的 ReadProcessMemory 或 WriteProcessMemory 请求。 (0x12B)
[0619/151410:WARNING:pe_image_reader.cc(281)] could not read dos header from C:\Program Files (x86)\Google\Chrome\Application\52.0.2743.116\chrome_elf.dll
[0619/151410:WARNING:pe_image_reader.cc(281)] could not read dos header from C:\Program Files (x86)\Google\Chrome\Application\52.0.2743.116\chrome_elf.dll
[0619/151410:ERROR:process_reader_win.cc(233)] ReadMemory at 0x74a50000 of 64 bytes failed: 仅完成部分的 ReadProcessMemory 或 WriteProcessMemory 请求。 (0x12B)
[0619/151410:ERROR:process_reader_win.cc(233)] ReadMemory at 0x74a50000 of 64 bytes failed: 仅完成部分的 ReadProcessMemory 或 WriteProcessMemory 请求。 (0x12B)
[0619/151410:WARNING:pe_image_reader.cc(281)] could not read dos header from C:\windows\SYSTEM32\VERSION.dll
[0619/151410:WARNING:pe_image_reader.cc(281)] could not read dos header from C:\windows\SYSTEM32\VERSION.dll
[0619/151410:ERROR:process_reader_win.cc(233)] ReadMemory at 0x74bd0000 of 64 bytes failed: 仅完成部分的 ReadProcessMemory 或 WriteProcessMemory 请求。 (0x12B)
[0619/151410:ERROR:process_reader_win.cc(233)] ReadMemory at 0x74bd0000 of 64 bytes failed: 仅完成部分的 ReadProcessMemory 或 WriteProcessMemory 请求。 (0x12B)
[0619/151410:WARNING:pe_image_reader.cc(281)] could not read dos header from C:\windows\SYSTEM32\GDI32.dll
[0619/151410:WARNING:pe_image_reader.cc(281)] could not read dos header from C:\windows\SYSTEM32\GDI32.dll
[0619/151410:ERROR:process_reader_win.cc(233)] ReadMemory at 0x768f0000 of 64 bytes failed: 仅完成部分的 ReadProcessMemory 或 WriteProcessMemory 请求。 (0x12B)
[0619/151410:ERROR:process_reader_win.cc(233)] ReadMemory at 0x768f0000 of 64 bytes failed: 仅完成部分的 ReadProcessMemory 或 WriteProcessMemory 请求。 (0x12B)
[0619/151410:WARNING:pe_image_reader.cc(281)] could not read dos header from C:\windows\SYSTEM32\USER32.dll
[0619/151410:WARNING:pe_image_reader.cc(281)] could not read dos header from C:\windows\SYSTEM32\USER32.dll
[0619/151410:ERROR:process_reader_win.cc(233)] ReadMemory at 0x74af0000 of 64 bytes failed: 仅完成部分的 ReadProcessMemory 或 WriteProcessMemory 请求。 (0x12B)
[0619/151410:ERROR:process_reader_win.cc(233)] ReadMemory at 0x74af0000 of 64 bytes failed: 仅完成部分的 ReadProcessMemory 或 WriteProcessMemory 请求。 (0x12B)
[0619/151410:WARNING:pe_image_reader.cc(281)] could not read dos header from C:\windows\SYSTEM32\MSCTF.dll
[0619/151410:WARNING:pe_image_reader.cc(281)] could not read dos header from C:\windows\SYSTEM32\MSCTF.dll
[0619/151410:ERROR:process_reader_win.cc(233)] ReadMemory at 0x768d0000 of 64 bytes failed: 仅完成部分的 ReadProcessMemory 或 WriteProcessMemory 请求。 (0x12B)
[0619/151410:ERROR:process_reader_win.cc(233)] ReadMemory at 0x768d0000 of 64 bytes failed: 仅完成部分的 ReadProcessMemory 或 WriteProcessMemory 请求。 (0x12B)
[0619/151410:WARNING:pe_image_reader.cc(281)] could not read dos header from C:\windows\system32\IMM32.DLL
[0619/151410:WARNING:pe_image_reader.cc(281)] could not read dos header from C:\windows\system32\IMM32.DLL
[0619/151410:ERROR:process_reader_win.cc(233)] ReadMemory at 0x770c0000 of 64 bytes failed: 仅完成部分的 ReadProcessMemory 或 WriteProcessMemory 请求。 (0x12B)
[0619/151410:ERROR:process_reader_win.cc(233)] ReadMemory at 0x770c0000 of 64 bytes failed: 仅完成部分的 ReadProcessMemory 或 WriteProcessMemory 请求。 (0x12B)
[0619/151410:WARNING:pe_image_reader.cc(281)] could not read dos header from C:\windows\SYSTEM32\cfgmgr32.dll
[0619/151410:WARNING:pe_image_reader.cc(281)] could not read dos header from C:\windows\SYSTEM32\cfgmgr32.dll
[0619/151410:ERROR:process_reader_win.cc(233)] ReadMemory at 0x77280000 of 64 bytes failed: 仅完成部分的 ReadProcessMemory 或 WriteProcessMemory 请求。 (0x12B)
[0619/151410:WARNING:pe_image_reader.cc(281)] could not read dos header from C:\windows\SYSTEM32\DEVOBJ.dll
[0619/151410:ERROR:process_reader_win.cc(233)] ReadMemory at 0x77280000 of 64 bytes failed: 仅完成部分的 ReadProcessMemory 或 WriteProcessMemory 请求。 (0x12B)
[0619/151410:ERROR:process_reader_win.cc(233)] ReadMemory at 0x74450000 of 64 bytes failed: 仅完成部分的 ReadProcessMemory 或 WriteProcessMemory 请求。 (0x12B)
[0619/151410:WARNING:pe_image_reader.cc(281)] could not read dos header from C:\windows\SYSTEM32\DEVOBJ.dll
[0619/151410:WARNING:pe_image_reader.cc(281)] could not read dos header from C:\windows\SYSTEM32\WINMMBASE.dll
[0619/151410:ERROR:process_reader_win.cc(233)] ReadMemory at 0x74480000 of 64 bytes failed: 仅完成部分的 ReadProcessMemory 或 WriteProcessMemory 请求。 (0x12B)
[0619/151410:ERROR:process_reader_win.cc(233)] ReadMemory at 0x74450000 of 64 bytes failed: 仅完成部分的 ReadProcessMemory 或 WriteProcessMemory 请求。 (0x12B)
[0619/151410:WARNING:pe_image_reader.cc(281)] could not read dos header from C:\windows\SYSTEM32\WINMM.dll
[0619/151410:WARNING:pe_image_reader.cc(281)] could not read dos header from C:\windows\SYSTEM32\WINMMBASE.dll
[0619/151410:ERROR:process_reader_win.cc(233)] ReadMemory at 0x74a00000 of 64 bytes failed: 仅完成部分的 ReadProcessMemory 或 WriteProcessMemory 请求。 (0x12B)
[0619/151410:ERROR:process_reader_win.cc(233)] ReadMemory at 0x74480000 of 64 bytes failed: 仅完成部分的 ReadProcessMemory 或 WriteProcessMemory 请求。 (0x12B)
[0619/151410:WARNING:pe_image_reader.cc(281)] could not read dos header from C:\windows\SYSTEM32\profapi.dll
[0619/151410:WARNING:pe_image_reader.cc(281)] could not read dos header from C:\windows\SYSTEM32\WINMM.dll
[0619/151410:ERROR:process_reader_win.cc(233)] ReadMemory at 0x74a20000 of 64 bytes failed: 仅完成部分的 ReadProcessMemory 或 WriteProcessMemory 请求。 (0x12B)
[0619/151410:ERROR:process_reader_win.cc(233)] ReadMemory at 0x74a00000 of 64 bytes failed: 仅完成部分的 ReadProcessMemory 或 WriteProcessMemory 请求。 (0x12B)
[0619/151410:WARNING:pe_image_reader.cc(281)] could not read dos header from C:\windows\SYSTEM32\USERENV.dll
[0619/151410:WARNING:pe_image_reader.cc(281)] could not read dos header from C:\windows\SYSTEM32\profapi.dll
[0619/151410:ERROR:process_reader_win.cc(233)] ReadMemory at 0x74a40000 of 64 bytes failed: 仅完成部分的 ReadProcessMemory 或 WriteProcessMemory 请求。 (0x12B)
[0619/151410:ERROR:process_reader_win.cc(233)] ReadMemory at 0x74a20000 of 64 bytes failed: 仅完成部分的 ReadProcessMemory 或 WriteProcessMemory 请求。 (0x12B)
[0619/151410:WARNING:pe_image_reader.cc(281)] could not read dos header from C:\windows\SYSTEM32\WTSAPI32.dll
[0619/151410:WARNING:pe_image_reader.cc(281)] could not read dos header from C:\windows\SYSTEM32\USERENV.dll
[0619/151410:ERROR:process_reader_win.cc(233)] ReadMemory at 0x74cd0000 of 64 bytes failed: 仅完成部分的 ReadProcessMemory 或 WriteProcessMemory 请求。 (0x12B)
[0619/151410:ERROR:process_reader_win.cc(233)] ReadMemory at 0x74a40000 of 64 bytes failed: 仅完成部分的 ReadProcessMemory 或 WriteProcessMemory 请求。 (0x12B)
[0619/151410:WARNING:pe_image_reader.cc(281)] could not read dos header from C:\windows\SYSTEM32\combase.dll
[0619/151410:WARNING:pe_image_reader.cc(281)] could not read dos header from C:\windows\SYSTEM32\WTSAPI32.dll
[0619/151410:ERROR:process_reader_win.cc(233)] ReadMemory at 0x72070000 of 64 bytes failed: 仅完成部分的 ReadProcessMemory 或 WriteProcessMemory 请求。 (0x12B)
[0619/151410:ERROR:process_reader_win.cc(233)] ReadMemory at 0x74cd0000 of 64 bytes failed: 仅完成部分的 ReadProcessMemory 或 WriteProcessMemory 请求。 (0x12B)
[0619/151410:WARNING:pe_image_reader.cc(281)] could not read dos header from C:\windows\SYSTEM32\WINHTTP.dll
[0619/151410:WARNING:pe_image_reader.cc(281)] could not read dos header from C:\windows\SYSTEM32\combase.dll
[0619/151410:ERROR:process_reader_win.cc(233)] ReadMemory at 0x72960000 of 64 bytes failed: 仅完成部分的 ReadProcessMemory 或 WriteProcessMemory 请求。 (0x12B)
[0619/151410:ERROR:process_reader_win.cc(233)] ReadMemory at 0x72070000 of 64 bytes failed: 仅完成部分的 ReadProcessMemory 或 WriteProcessMemory 请求。 (0x12B)
[0619/151410:WARNING:pe_image_reader.cc(281)] could not read dos header from F:\杩蜂杞\360Safe\safemon\safewrapper32.dll
[0619/151410:WARNING:pe_image_reader.cc(281)] could not read dos header from C:\windows\SYSTEM32\WINHTTP.dll
[0619/151410:ERROR:process_reader_win.cc(233)] ReadMemory at 0x76610000 of 64 bytes failed: 仅完成部分的 ReadProcessMemory 或 WriteProcessMemory 请求。 (0x12B)
[0619/151410:ERROR:process_reader_win.cc(233)] ReadMemory at 0x72960000 of 64 bytes failed: 仅完成部分的 ReadProcessMemory 或 WriteProcessMemory 请求。 (0x12B)
[0619/151410:WARNING:pe_image_reader.cc(281)] could not read dos header from C:\windows\SYSTEM32\SHLWAPI.dll
[0619/151410:WARNING:pe_image_reader.cc(281)] could not read dos header from F:\杩蜂杞\360Safe\safemon\safewrapper32.dll
[0619/151410:ERROR:process_reader_win.cc(233)] ReadMemory at 0x75230000 of 64 bytes failed: 仅完成部分的 ReadProcessMemory 或 WriteProcessMemory 请求。 (0x12B)
[0619/151410:ERROR:process_reader_win.cc(233)] ReadMemory at 0x76610000 of 64 bytes failed: 仅完成部分的 ReadProcessMemory 或 WriteProcessMemory 请求。 (0x12B)
[0619/151410:WARNING:pe_image_reader.cc(281)] could not read dos header from C:\windows\SYSTEM32\SHELL32.dll
[0619/151410:WARNING:pe_image_reader.cc(281)] could not read dos header from C:\windows\SYSTEM32\SHLWAPI.dll
[0619/151410:ERROR:process_reader_win.cc(233)] ReadMemory at 0x76da0000 of 64 bytes failed: 仅完成部分的 ReadProcessMemory 或 WriteProcessMemory 请求。 (0x12B)
[0619/151410:ERROR:process_reader_win.cc(233)] ReadMemory at 0x75230000 of 64 bytes failed: 仅完成部分的 ReadProcessMemory 或 WriteProcessMemory 请求。 (0x12B)
[0619/151410:WARNING:pe_image_reader.cc(281)] could not read dos header from C:\windows\SYSTEM32\ole32.dll
[0619/151410:WARNING:pe_image_reader.cc(281)] could not read dos header from C:\windows\SYSTEM32\SHELL32.dll
[0619/151410:ERROR:process_reader_win.cc(233)] ReadMemory at 0x76fd0000 of 64 bytes failed: 仅完成部分的 ReadProcessMemory 或 WriteProcessMemory 请求。 (0x12B)
[0619/151410:ERROR:process_reader_win.cc(233)] ReadMemory at 0x76da0000 of 64 bytes failed: 仅完成部分的 ReadProcessMemory 或 WriteProcessMemory 请求。 (0x12B)
[0619/151410:WARNING:pe_image_reader.cc(281)] could not read dos header from C:\windows\SYSTEM32\OLEAUT32.dll
[0619/151410:WARNING:pe_image_reader.cc(281)] could not read dos header from C:\windows\SYSTEM32\ole32.dll
[0619/151410:ERROR:process_reader_win.cc(233)] ReadMemory at 0x773d0000 of 64 bytes failed: 仅完成部分的 ReadProcessMemory 或 WriteProcessMemory 请求。 (0x12B)
[0619/151410:ERROR:process_reader_win.cc(233)] ReadMemory at 0x76fd0000 of 64 bytes failed: 仅完成部分的 ReadProcessMemory 或 WriteProcessMemory 请求。 (0x12B)
[0619/151410:WARNING:pe_image_reader.cc(281)] could not read dos header from C:\windows\SYSTEM32\PSAPI.DLL
[0619/151410:WARNING:pe_image_reader.cc(281)] could not read dos header from C:\windows\SYSTEM32\OLEAUT32.dll
[0619/151410:ERROR:process_reader_win.cc(233)] ReadMemory at 0x76a10000 of 64 bytes failed: 仅完成部分的 ReadProcessMemory 或 WriteProcessMemory 请求。 (0x12B)
[0619/151410:WARNING:pe_image_reader.cc(281)] could not read dos header from C:\windows\SYSTEM32\NSI.dll
[0619/151410:ERROR:process_reader_win.cc(233)] ReadMemory at 0x773d0000 of 64 bytes failed: 仅完成部分的 ReadProcessMemory 或 WriteProcessMemory 请求。 (0x12B)
[0619/151410:ERROR:process_reader_win.cc(233)] ReadMemory at 0x76880000 of 64 bytes failed: 仅完成部分的 ReadProcessMemory 或 WriteProcessMemory 请求。 (0x12B)
[0619/151410:WARNING:pe_image_reader.cc(281)] could not read dos header from C:\windows\SYSTEM32\PSAPI.DLL
[0619/151410:WARNING:pe_image_reader.cc(281)] could not read dos header from C:\windows\SYSTEM32\WS2_32.dll
[0619/151410:ERROR:process_reader_win.cc(233)] ReadMemory at 0x76a10000 of 64 bytes failed: 仅完成部分的 ReadProcessMemory 或 WriteProcessMemory 请求。 (0x12B)
[0619/151410:WARNING:pe_image_reader.cc(281)] could not read dos header from C:\windows\SYSTEM32\NSI.dll
[0619/151410:ERROR:process_reader_win.cc(233)] ReadMemory at 0x748c0000 of 64 bytes failed: 仅完成部分的 ReadProcessMemory 或 WriteProcessMemory 请求。 (0x12B)
[0619/151410:WARNING:pe_image_reader.cc(281)] could not read dos header from C:\windows\SYSTEM32\netutils.dll
[0619/151410:ERROR:process_reader_win.cc(233)] ReadMemory at 0x76880000 of 64 bytes failed: 仅完成部分的 ReadProcessMemory 或 WriteProcessMemory 请求。 (0x12B)
[0619/151410:ERROR:process_reader_win.cc(233)] ReadMemory at 0x748a0000 of 64 bytes failed: 仅完成部分的 ReadProcessMemory 或 WriteProcessMemory 请求。 (0x12B)
[0619/151410:WARNING:pe_image_reader.cc(281)] could not read dos header from C:\windows\SYSTEM32\WS2_32.dll
[0619/151410:WARNING:pe_image_reader.cc(281)] could not read dos header from C:\windows\SYSTEM32\srvcli.dll
[0619/151410:ERROR:process_reader_win.cc(233)] ReadMemory at 0x748c0000 of 64 bytes failed: 仅完成部分的 ReadProcessMemory 或 WriteProcessMemory 请求。 (0x12B)
[0619/151410:ERROR:process_reader_win.cc(233)] ReadMemory at 0x74890000 of 64 bytes failed: 仅完成部分的 ReadProcessMemory 或 WriteProcessMemory 请求。 (0x12B)
[0619/151410:WARNING:pe_image_reader.cc(281)] could not read dos header from C:\windows\SYSTEM32\netutils.dll
[0619/151410:WARNING:pe_image_reader.cc(281)] could not read dos header from C:\windows\SYSTEM32\wkscli.dll
[0619/151410:ERROR:process_reader_win.cc(233)] ReadMemory at 0x748a0000 of 64 bytes failed: 仅完成部分的 ReadProcessMemory 或 WriteProcessMemory 请求。 (0x12B)
[0619/151410:ERROR:process_reader_win.cc(233)] ReadMemory at 0x748f0000 of 64 bytes failed: 仅完成部分的 ReadProcessMemory 或 WriteProcessMemory 请求。 (0x12B)
[0619/151410:WARNING:pe_image_reader.cc(281)] could not read dos header from C:\windows\SYSTEM32\srvcli.dll
[0619/151410:WARNING:pe_image_reader.cc(281)] could not read dos header from C:\windows\SYSTEM32\NETAPI32.dll
[0619/151410:ERROR:process_reader_win.cc(233)] ReadMemory at 0x74890000 of 64 bytes failed: 仅完成部分的 ReadProcessMemory 或 WriteProcessMemory 请求。 (0x12B)
[0619/151410:ERROR:process_reader_win.cc(233)] ReadMemory at 0x713a0000 of 64 bytes failed: 仅完成部分的 ReadProcessMemory 或 WriteProcessMemory 请求。 (0x12B)
[0619/151410:WARNING:pe_image_reader.cc(281)] could not read dos header from C:\windows\SYSTEM32\wkscli.dll
[0619/151410:WARNING:pe_image_reader.cc(281)] could not read dos header from F:\杩蜂杞\360Safe\safemon\safemon.dll
[0619/151410:ERROR:process_reader_win.cc(233)] ReadMemory at 0x748f0000 of 64 bytes failed: 仅完成部分的 ReadProcessMemory 或 WriteProcessMemory 请求。 (0x12B)
[0619/151410:ERROR:process_reader_win.cc(233)] ReadMemory at 0x74800000 of 64 bytes failed: 仅完成部分的 ReadProcessMemory 或 WriteProcessMemory 请求。 (0x12B)
[0619/151410:WARNING:pe_image_reader.cc(281)] could not read dos header from C:\windows\SYSTEM32\NETAPI32.dll
[0619/151410:WARNING:pe_image_reader.cc(281)] could not read dos header from C:\windows\SYSTEM32\shcore.dll
[0619/151410:ERROR:process_reader_win.cc(233)] ReadMemory at 0x713a0000 of 64 bytes failed: 仅完成部分的 ReadProcessMemory 或 WriteProcessMemory 请求。 (0x12B)
[0619/151410:ERROR:process_reader_win.cc(233)] ReadMemory at 0x602a0000 of 64 bytes failed: 仅完成部分的 ReadProcessMemory 或 WriteProcessMemory 请求。 (0x12B)
[0619/151410:WARNING:pe_image_reader.cc(281)] could not read dos header from F:\杩蜂杞\360Safe\safemon\safemon.dll
[0619/151410:WARNING:pe_image_reader.cc(281)] could not read dos header from F:\杩蜂杞\360Safe\safemon\iNetSafe.dll
[0619/151410:ERROR:process_reader_win.cc(233)] ReadMemory at 0x74800000 of 64 bytes failed: 仅完成部分的 ReadProcessMemory 或 WriteProcessMemory 请求。 (0x12B)
[0619/151410:ERROR:process_reader_win.cc(233)] ReadMemory at 0x73d20000 of 64 bytes failed: 仅完成部分的 ReadProcessMemory 或 WriteProcessMemory 请求。 (0x12B)
[0619/151410:WARNING:pe_image_reader.cc(281)] could not read dos header from C:\windows\SYSTEM32\shcore.dll
[0619/151410:WARNING:pe_image_reader.cc(281)] could not read dos header from C:\windows\SYSTEM32\WINSPOOL.DRV
[0619/151410:ERROR:process_reader_win.cc(233)] ReadMemory at 0x72f40000 of 64 bytes failed: 仅完成部分的 ReadProcessMemory 或 WriteProcessMemory 请求。 (0x12B)
[0619/151410:ERROR:process_reader_win.cc(233)] ReadMemory at 0x602a0000 of 64 bytes failed: 仅完成部分的 ReadProcessMemory 或 WriteProcessMemory 请求。 (0x12B)
[0619/151410:WARNING:pe_image_reader.cc(281)] could not read dos header from C:\windows\WinSxS\x86_microsoft.windows.common-controls_6595b64144ccf1df_6.0.9200.16579_none_8937eec6860750f5\COMCTL32.dll
[0619/151410:WARNING:pe_image_reader.cc(281)] could not read dos header from F:\杩蜂杞\360Safe\safemon\iNetSafe.dll
[0619/151410:ERROR:process_reader_win.cc(233)] ReadMemory at 0x767c0000 of 64 bytes failed: 仅完成部分的 ReadProcessMemory 或 WriteProcessMemory 请求。 (0x12B)
[0619/151410:WARNING:pe_image_reader.cc(281)] could not read dos header from C:\windows\SYSTEM32\COMDLG32.dll
[0619/151410:ERROR:process_reader_win.cc(233)] ReadMemory at 0x73d20000 of 64 bytes failed: 仅完成部分的 ReadProcessMemory 或 WriteProcessMemory 请求。 (0x12B)
[0619/151410:ERROR:process_reader_win.cc(233)] ReadMemory at 0x74880000 of 64 bytes failed: 仅完成部分的 ReadProcessMemory 或 WriteProcessMemory 请求。 (0x12B)
[0619/151410:WARNING:pe_image_reader.cc(281)] could not read dos header from C:\windows\SYSTEM32\WINSPOOL.DRV
[0619/151410:WARNING:pe_image_reader.cc(281)] could not read dos header from C:\windows\SYSTEM32\WINNSI.DLL
[0619/151410:ERROR:process_reader_win.cc(233)] ReadMemory at 0x748d0000 of 64 bytes failed: 仅完成部分的 ReadProcessMemory 或 WriteProcessMemory 请求。 (0x12B)
[0619/151410:ERROR:process_reader_win.cc(233)] ReadMemory at 0x72f40000 of 64 bytes failed: 仅完成部分的 ReadProcessMemory 或 WriteProcessMemory 请求。 (0x12B)
[0619/151410:WARNING:pe_image_reader.cc(281)] could not read dos header from C:\windows\SYSTEM32\IPHLPAPI.DLL
[0619/151410:WARNING:pe_image_reader.cc(281)] could not read dos header from C:\windows\WinSxS\x86_microsoft.windows.common-controls_6595b64144ccf1df_6.0.9200.16579_none_8937eec6860750f5\COMCTL32.dll
[0619/151410:ERROR:process_reader_win.cc(233)] ReadMemory at 0x67dd0000 of 64 bytes failed: 仅完成部分的 ReadProcessMemory 或 WriteProcessMemory 请求。 (0x12B)
[0619/151410:WARNING:pe_image_reader.cc(281)] could not read dos header from C:\windows\SYSTEM32\USP10.dll
[0619/151410:ERROR:process_reader_win.cc(233)] ReadMemory at 0x767c0000 of 64 bytes failed: 仅完成部分的 ReadProcessMemory 或 WriteProcessMemory 请求。 (0x12B)
[0619/151410:ERROR:process_reader_win.cc(233)] ReadMemory at 0x76860000 of 64 bytes failed: 仅完成部分的 ReadProcessMemory 或 WriteProcessMemory 请求。 (0x12B)
[0619/151410:WARNING:pe_image_reader.cc(281)] could not read dos header from C:\windows\SYSTEM32\COMDLG32.dll
[0619/151410:WARNING:pe_image_reader.cc(281)] could not read dos header from C:\windows\SYSTEM32\MSASN1.dll
[0619/151410:ERROR:process_reader_win.cc(233)] ReadMemory at 0x76c10000 of 64 bytes failed: 仅完成部分的 ReadProcessMemory 或 WriteProcessMemory 请求。 (0x12B)
[0619/151410:ERROR:process_reader_win.cc(233)] ReadMemory at 0x74880000 of 64 bytes failed: 仅完成部分的 ReadProcessMemory 或 WriteProcessMemory 请求。 (0x12B)
[0619/151410:WARNING:pe_image_reader.cc(281)] could not read dos header from C:\windows\SYSTEM32\CRYPT32.dll
[0619/151410:WARNING:pe_image_reader.cc(281)] could not read dos header from C:\windows\SYSTEM32\WINNSI.DLL
[0619/151410:ERROR:process_reader_win.cc(233)] ReadMemory at 0x77160000 of 64 bytes failed: 仅完成部分的 ReadProcessMemory 或 WriteProcessMemory 请求。 (0x12B)
[0619/151410:WARNING:pe_image_reader.cc(281)] could not read dos header from C:\windows\SYSTEM32\WINTRUST.dll
[0619/151410:ERROR:process_reader_win.cc(233)] ReadMemory at 0x748d0000 of 64 bytes failed: 仅完成部分的 ReadProcessMemory 或 WriteProcessMemory 请求。 (0x12B)
[0619/151410:WARNING:pe_image_reader.cc(281)] could not read dos header from C:\windows\SYSTEM32\IPHLPAPI.DLL
[0619/151410:ERROR:process_reader_win.cc(233)] ReadMemory at 0x74520000 of 64 bytes failed: 仅完成部分的 ReadProcessMemory 或 WriteProcessMemory 请求。 (0x12B)
[0619/151410:WARNING:pe_image_reader.cc(281)] could not read dos header from C:\windows\SYSTEM32\Secur32.dll
[0619/151410:ERROR:process_reader_win.cc(233)] ReadMemory at 0x67dd0000 of 64 bytes failed: 仅完成部分的 ReadProcessMemory 或 WriteProcessMemory 请求。 (0x12B)
[0619/151410:ERROR:process_reader_win.cc(233)] ReadMemory at 0xff40000 of 64 bytes failed: 仅完成部分的 ReadProcessMemory 或 WriteProcessMemory 请求。 (0x12B)
[0619/151410:WARNING:pe_image_reader.cc(281)] could not read dos header from C:\windows\SYSTEM32\USP10.dll
[0619/151410:WARNING:pe_image_reader.cc(281)] could not read dos header from C:\Program Files (x86)\Google\Chrome\Application\52.0.2743.116\chrome_child.dll
[0619/151410:ERROR:process_reader_win.cc(233)] ReadMemory at 0x67bb0000 of 64 bytes failed: 仅完成部分的 ReadProcessMemory 或 WriteProcessMemory 请求。 (0x12B)
[0619/151410:ERROR:process_reader_win.cc(233)] ReadMemory at 0x76860000 of 64 bytes failed: 仅完成部分的 ReadProcessMemory 或 WriteProcessMemory 请求。 (0x12B)
[0619/151410:WARNING:pe_image_reader.cc(281)] could not read dos header from C:\windows\SYSTEM32\dwrite.dll
[0619/151410:WARNING:pe_image_reader.cc(281)] could not read dos header from C:\windows\SYSTEM32\MSASN1.dll
[0619/151410:ERROR:process_reader_win.cc(233)] ReadMemory at 0x12fbb4 of 12 bytes failed: 仅完成部分的 ReadProcessMemory 或 WriteProcessMemory 请求。 (0x12B)
[0619/151410:WARNING:process_snapshot_win.cc(104)] ReadMemory ExceptionInformation failed
[0619/151410:WARNING:crash_report_exception_handler.cc(60)] ProcessSnapshotWin::InitializeException failed
[0619/151410:ERROR:process_reader_win.cc(233)] ReadMemory at 0x76c10000 of 64 bytes failed: 仅完成部分的 ReadProcessMemory 或 WriteProcessMemory 请求。 (0x12B)
[0619/151410:WARNING:pe_image_reader.cc(281)] could not read dos header from C:\windows\SYSTEM32\CRYPT32.dll
[0619/151410:ERROR:process_reader_win.cc(233)] ReadMemory at 0x77160000 of 64 bytes failed: 仅完成部分的 ReadProcessMemory 或 WriteProcessMemory 请求。 (0x12B)
[0619/151410:WARNING:pe_image_reader.cc(281)] could not read dos header from C:\windows\SYSTEM32\WINTRUST.dll
[0619/151410:ERROR:process_reader_win.cc(233)] ReadMemory at 0x74520000 of 64 bytes failed: 仅完成部分的 ReadProcessMemory 或 WriteProcessMemory 请求。 (0x12B)
[0619/151410:WARNING:pe_image_reader.cc(281)] could not read dos header from C:\windows\SYSTEM32\Secur32.dll
[0619/151410:ERROR:scoped_process_suspend.cc(38)] NtResumeProcess, ntstatus=-1073741558
[0619/151410:ERROR:process_reader_win.cc(233)] ReadMemory at 0xff40000 of 64 bytes failed: 仅完成部分的 ReadProcessMemory 或 WriteProcessMemory 请求。 (0x12B)
[0619/151410:WARNING:pe_image_reader.cc(281)] could not read dos header from C:\Program Files (x86)\Google\Chrome\Application\52.0.2743.116\chrome_child.dll
[0619/151410:ERROR:process_reader_win.cc(233)] ReadMemory at 0x67bb0000 of 64 bytes failed: 仅完成部分的 ReadProcessMemory 或 WriteProcessMemory 请求。 (0x12B)
[0619/151410:WARNING:pe_image_reader.cc(281)] could not read dos header from C:\windows\SYSTEM32\dwrite.dll
[0619/151410:ERROR:process_reader_win.cc(233)] ReadMemory at 0x12fbb4 of 12 bytes failed: 仅完成部分的 ReadProcessMemory 或 WriteProcessMemory 请求。 (0x12B)
[0619/151410:WARNING:process_snapshot_win.cc(104)] ReadMemory ExceptionInformation failed
[0619/151410:WARNING:crash_report_exception_handler.cc(60)] ProcessSnapshotWin::InitializeException failed
[0619/151410:ERROR:scoped_process_suspend.cc(38)] NtResumeProcess, ntstatus=-1073741558
